<?xml version="1.0" encoding="UTF-8"?>
<robot generator="Robot 5.0.1 (Python 3.10.4 on win32)" generated="20220724 21:19:20.366" rpa="false" schemaversion="3">
<suite id="s1" name="Login" source="d:\code-auto\gitlab\qc_mobileapp_android_v4\Tests\Login\Login.robot">
<kw name="Begin Test" type="SETUP">
<kw name="Open AppV4 Application" library="common">
<arg>${system_test}</arg>
<arg>${device_name}</arg>
<arg>${andr_version}</arg>
<arg>${skip_install}</arg>
<kw name="Convert To Lower Case" library="String">
<var>${sys_test}</var>
<arg>${sys_test}</arg>
<doc>Converts string to lower case.</doc>
<msg timestamp="20220724 21:19:23.959" level="INFO">${sys_test} = demo</msg>
<status status="PASS" starttime="20220724 21:19:23.959" endtime="20220724 21:19:23.974"/>
</kw>
<kw name="Replace String" library="String">
<var>${sdk_appPackage}</var>
<arg>${appPackage_common}</arg>
<arg>%SYS_TEST%</arg>
<arg>${sys_test}</arg>
<doc>Replaces ``search_for`` in the given ``string`` with ``replace_with``.</doc>
<msg timestamp="20220724 21:19:23.975" level="INFO">${sdk_appPackage} = vn.payoo.demo.debug</msg>
<status status="PASS" starttime="20220724 21:19:23.975" endtime="20220724 21:19:23.975"/>
</kw>
<kw name="Run Keyword If" library="BuiltIn">
<arg>'${skip_install}' == 'True'</arg>
<arg>common.Android - Open App Without Install</arg>
<arg>${devicename}</arg>
<arg>${andr_version}</arg>
<arg>${sdk_appPackage}</arg>
<arg>${appActivity_common}</arg>
<arg>ELSE IF</arg>
<arg>'${skip_install}' == 'False'</arg>
<arg>common.Android - Open App With Install</arg>
<arg>${devicename}</arg>
<arg>${andr_version}</arg>
<arg>${sdk_appPackage}</arg>
<arg>${appActivity_common}</arg>
<doc>Runs the given keyword with the given arguments, if ``condition`` is true.</doc>
<kw name="Android - Open App Without Install" library="common">
<arg>${devicename}</arg>
<arg>${andr_version}</arg>
<arg>${sdk_appPackage}</arg>
<arg>${appActivity_common}</arg>
<kw name="Open Application" library="AppiumLibrary">
<arg>remote_url=${appium_host}</arg>
<arg>automationName=${automationName_andr}</arg>
<arg>platformName=${platform_name_andr}</arg>
<arg>appPackage=${sdk_appPackage}</arg>
<arg>platformVersion=${andr_version}</arg>
<arg>appActivity=${sdk_appActivity}</arg>
<arg>deviceName=${devicename}</arg>
<arg>noReset=true</arg>
<arg>appWaitForLaunch=false</arg>
<arg>ignoreHiddenApiPolicyError=true</arg>
<doc>Opens a new application to given Appium server.
Capabilities of appium server, Android and iOS,
Please check https://github.com/appium/appium/blob/master/docs/en/writing-running-appium/server-args.md
| *Option*            | *Man.* | *Description*     |
| remote_url          | Yes    | Appium server url |
| alias               | no     | alias             |</doc>
<status status="PASS" starttime="20220724 21:19:23.978" endtime="20220724 21:19:38.079"/>
</kw>
<status status="PASS" starttime="20220724 21:19:23.977" endtime="20220724 21:19:38.079"/>
</kw>
<status status="PASS" starttime="20220724 21:19:23.976" endtime="20220724 21:19:38.079"/>
</kw>
<status status="PASS" starttime="20220724 21:19:23.958" endtime="20220724 21:19:38.079"/>
</kw>
<kw name="Skip Walkthrought Screen" library="Func_AppV4_BankAccount">
<kw name="Verify Display Btn By Pass" library="PO_AppV4_Walkthrought">
<var>${status}</var>
<kw name="Run Keyword And Return Status" library="BuiltIn">
<var>${status}</var>
<arg>wait until page contains element</arg>
<arg>${ID_Walkthrought_Bypass}</arg>
<arg>timeout=5s</arg>
<doc>Runs the given keyword with given arguments and returns the status as a Boolean value.</doc>
<kw name="Wait Until Page Contains Element" library="AppiumLibrary">
<arg>${ID_Walkthrought_Bypass}</arg>
<arg>timeout=5s</arg>
<doc>Waits until element specified with `locator` appears on current page.</doc>
<kw name="Capture Page Screenshot" library="AppiumLibrary">
<doc>Takes a screenshot of the current page and embeds it into the log.</doc>
<msg timestamp="20220724 21:19:45.273" level="INFO" html="true">&lt;/td&gt;&lt;/tr&gt;&lt;tr&gt;&lt;td colspan="3"&gt;&lt;a href="appium-screenshot-1.png"&gt;&lt;img src="appium-screenshot-1.png" width="800px"&gt;&lt;/a&gt;</msg>
<status status="PASS" starttime="20220724 21:19:44.488" endtime="20220724 21:19:45.274"/>
</kw>
<msg timestamp="20220724 21:19:45.275" level="FAIL">Element 'vn.payoo.demo.debug:id/textview_action' did not appear in 5 seconds</msg>
<status status="FAIL" starttime="20220724 21:19:38.081" endtime="20220724 21:19:45.276"/>
</kw>
<msg timestamp="20220724 21:19:45.276" level="INFO">${status} = False</msg>
<status status="PASS" starttime="20220724 21:19:38.081" endtime="20220724 21:19:45.276"/>
</kw>
<msg timestamp="20220724 21:19:45.277" level="INFO">${status} = False</msg>
<status status="PASS" starttime="20220724 21:19:38.080" endtime="20220724 21:19:45.277"/>
</kw>
<kw name="Run Keyword If" library="BuiltIn">
<arg>${status}</arg>
<arg>PO_AppV4_Walkthrought.Click Btn By Pass</arg>
<doc>Runs the given keyword with the given arguments, if ``condition`` is true.</doc>
<status status="PASS" starttime="20220724 21:19:45.278" endtime="20220724 21:19:45.278"/>
</kw>
<status status="PASS" starttime="20220724 21:19:38.080" endtime="20220724 21:19:45.279"/>
</kw>
<kw name="Run Keyword And Return Status" library="BuiltIn">
<var>${is_home_logined}</var>
<arg>PO_AppV4_Home.Verify Screen Home Login</arg>
<doc>Runs the given keyword with given arguments and returns the status as a Boolean value.</doc>
<kw name="Verify Screen Home Login" library="PO_AppV4_Home">
<kw name="Wait Until Element Is Visible" library="AppiumLibrary">
<arg>${ID_Home_Ewallet_Balance}</arg>
<arg>timeout=60s</arg>
<doc>Waits until element specified with `locator` is visible.</doc>
<kw name="Capture Page Screenshot" library="AppiumLibrary">
<doc>Takes a screenshot of the current page and embeds it into the log.</doc>
<msg timestamp="20220724 21:20:46.107" level="INFO" html="true">&lt;/td&gt;&lt;/tr&gt;&lt;tr&gt;&lt;td colspan="3"&gt;&lt;a href="appium-screenshot-2.png"&gt;&lt;img src="appium-screenshot-2.png" width="800px"&gt;&lt;/a&gt;</msg>
<status status="PASS" starttime="20220724 21:20:45.351" endtime="20220724 21:20:46.107"/>
</kw>
<msg timestamp="20220724 21:20:46.108" level="FAIL">Element locator 'vn.payoo.demo.debug:id/textview_balance' did not match any elements after 1 minute</msg>
<status status="FAIL" starttime="20220724 21:19:45.280" endtime="20220724 21:20:46.109"/>
</kw>
<status status="FAIL" starttime="20220724 21:19:45.280" endtime="20220724 21:20:46.110"/>
</kw>
<msg timestamp="20220724 21:20:46.110" level="INFO">${is_home_logined} = False</msg>
<status status="PASS" starttime="20220724 21:19:45.279" endtime="20220724 21:20:46.110"/>
</kw>
<kw name="Run Keyword If" library="BuiltIn">
<arg>${is_home_logined} == True</arg>
<arg>Func_AppV4_Login.Logout Ewallet And Open Screen Login</arg>
<arg>ELSE</arg>
<arg>Func_AppV4_Login.Open Screen Login From Home</arg>
<doc>Runs the given keyword with the given arguments, if ``condition`` is true.</doc>
<kw name="Open Screen Login From Home" library="Func_AppV4_Login">
<kw name="Verify Screen Home No Login" library="PO_AppV4_Home">
<kw name="Wait Until Element Is Visible" library="AppiumLibrary">
<arg>${ID_Home_BtnRegister}</arg>
<arg>timeout=10s</arg>
<doc>Waits until element specified with `locator` is visible.</doc>
<status status="PASS" starttime="20220724 21:20:46.112" endtime="20220724 21:20:46.297"/>
</kw>
<status status="PASS" starttime="20220724 21:20:46.112" endtime="20220724 21:20:46.297"/>
</kw>
<kw name="Click Tab Ewallet Payoo" library="PO_AppV4_BottomNavigation">
<kw name="Wait Until Element Is Visible" library="AppiumLibrary">
<arg>${ID_Navigation_Item_Payoo}</arg>
<arg>timeout=20s</arg>
<doc>Waits until element specified with `locator` is visible.</doc>
<status status="PASS" starttime="20220724 21:20:46.299" endtime="20220724 21:20:46.444"/>
</kw>
<kw name="Click Element" library="AppiumLibrary">
<arg>${ID_Navigation_Item_Payoo}</arg>
<doc>Click element identified by `locator`.</doc>
<msg timestamp="20220724 21:20:46.453" level="INFO">Clicking element 'vn.payoo.demo.debug:id/item_payoo'.</msg>
<status status="PASS" starttime="20220724 21:20:46.444" endtime="20220724 21:20:46.683"/>
</kw>
<status status="PASS" starttime="20220724 21:20:46.298" endtime="20220724 21:20:46.683"/>
</kw>
<kw name="Click Button Login" library="PO_AppV4_Ewallet_NoLogin">
<kw name="Wait Until Element Is Visible" library="AppiumLibrary">
<arg>${ID_Ewallet_NoLogin_BtnLogin}</arg>
<arg>timeout=10s</arg>
<doc>Waits until element specified with `locator` is visible.</doc>
<status status="PASS" starttime="20220724 21:20:46.684" endtime="20220724 21:20:47.433"/>
</kw>
<kw name="Click Element" library="AppiumLibrary">
<arg>${ID_Ewallet_NoLogin_BtnLogin}</arg>
<doc>Click element identified by `locator`.</doc>
<msg timestamp="20220724 21:20:47.445" level="INFO">Clicking element 'vn.payoo.demo.debug:id/button_login'.</msg>
<status status="PASS" starttime="20220724 21:20:47.434" endtime="20220724 21:20:47.615"/>
</kw>
<status status="PASS" starttime="20220724 21:20:46.683" endtime="20220724 21:20:47.616"/>
</kw>
<status status="PASS" starttime="20220724 21:20:46.111" endtime="20220724 21:20:47.616"/>
</kw>
<status status="PASS" starttime="20220724 21:20:46.110" endtime="20220724 21:20:47.616"/>
</kw>
<status status="PASS" starttime="20220724 21:19:23.956" endtime="20220724 21:20:47.617"/>
</kw>
<test id="s1-t1" name="empty data" line="24">
<kw name="Login Template">
<arg>red text</arg>
<arg>fail</arg>
<arg>Vui lòng nhập số điện thoại</arg>
<kw name="Run Keyword And Return Status" library="BuiltIn">
<var>${status}</var>
<arg>page should contain element</arg>
<arg>${ID_Account_Popup_Error}</arg>
<doc>Runs the given keyword with given arguments and returns the status as a Boolean value.</doc>
<kw name="Page Should Contain Element" library="AppiumLibrary">
<arg>${ID_Account_Popup_Error}</arg>
<doc>Verifies that current page contains `locator` element.</doc>
<kw name="Capture Page Screenshot" library="AppiumLibrary">
<doc>Takes a screenshot of the current page and embeds it into the log.</doc>
<msg timestamp="20220724 21:20:49.020" level="INFO" html="true">&lt;/td&gt;&lt;/tr&gt;&lt;tr&gt;&lt;td colspan="3"&gt;&lt;a href="appium-screenshot-3.png"&gt;&lt;img src="appium-screenshot-3.png" width="800px"&gt;&lt;/a&gt;</msg>
<status status="PASS" starttime="20220724 21:20:48.374" endtime="20220724 21:20:49.020"/>
</kw>
<msg timestamp="20220724 21:20:49.021" level="FAIL">Page should have contained element 'vn.payoo.demo.debug:id/mid_message' but did not</msg>
<status status="FAIL" starttime="20220724 21:20:47.628" endtime="20220724 21:20:49.022"/>
</kw>
<msg timestamp="20220724 21:20:49.022" level="INFO">${status} = False</msg>
<status status="PASS" starttime="20220724 21:20:47.627" endtime="20220724 21:20:49.023"/>
</kw>
<kw name="Run Keyword If" library="BuiltIn">
<arg>${status}</arg>
<arg>Click Popup Close Buton Error Message</arg>
<doc>Runs the given keyword with the given arguments, if ``condition`` is true.</doc>
<status status="PASS" starttime="20220724 21:20:49.023" endtime="20220724 21:20:49.024"/>
</kw>
<kw name="Run Keyword If" library="BuiltIn">
<arg>'${TEST_NAME}'=='eWallet is temporarily locked'</arg>
<arg>Input temporarily locked info</arg>
<arg>${USERNAME}</arg>
<arg>${PASSWORD}</arg>
<doc>Runs the given keyword with the given arguments, if ``condition`` is true.</doc>
<status status="PASS" starttime="20220724 21:20:49.024" endtime="20220724 21:20:49.025"/>
</kw>
<kw name="Run Keyword If" library="BuiltIn">
<arg>'${TEST_NAME}'=='login by username'</arg>
<arg>Login by username</arg>
<arg>${USERNAME}</arg>
<arg>${PASSWORD}</arg>
<arg>${ERROR}</arg>
<doc>Runs the given keyword with the given arguments, if ``condition`` is true.</doc>
<status status="PASS" starttime="20220724 21:20:49.025" endtime="20220724 21:20:49.026"/>
</kw>
<kw name="Run Keyword If" library="BuiltIn">
<arg>'${TEST_NAME}'!='login by username'</arg>
<arg>Input info</arg>
<arg>${USERNAME}</arg>
<arg>${PASSWORD}</arg>
<doc>Runs the given keyword with the given arguments, if ``condition`` is true.</doc>
<kw name="Input info" library="Func_AppV4_Login">
<arg>${USERNAME}</arg>
<arg>${PASSWORD}</arg>
<kw name="Input user info" library="Func_AppV4_Login">
<arg>${ID_Login_Username}</arg>
<arg>${USERNAME}</arg>
<kw name="Click Element" library="AppiumLibrary">
<arg>${name}</arg>
<doc>Click element identified by `locator`.</doc>
<msg timestamp="20220724 21:20:49.038" level="INFO">Clicking element 'vn.payoo.demo.debug:id/edit_content'.</msg>
<status status="PASS" starttime="20220724 21:20:49.028" endtime="20220724 21:20:49.447"/>
</kw>
<kw name="Input Text" library="AppiumLibrary">
<arg>${name}</arg>
<arg>${VALUE}</arg>
<doc>Types the given `text` into text field identified by `locator`.</doc>
<msg timestamp="20220724 21:20:49.456" level="INFO">Typing text '' into text field 'vn.payoo.demo.debug:id/edit_content'</msg>
<status status="PASS" starttime="20220724 21:20:49.447" endtime="20220724 21:20:50.621"/>
</kw>
<status status="PASS" starttime="20220724 21:20:49.028" endtime="20220724 21:20:50.622"/>
</kw>
<kw name="Run Keyword If" library="BuiltIn">
<arg>'${USERNAME}' == None</arg>
<arg>sleep</arg>
<arg>5s</arg>
<doc>Runs the given keyword with the given arguments, if ``condition`` is true.</doc>
<status status="PASS" starttime="20220724 21:20:50.622" endtime="20220724 21:20:50.623"/>
</kw>
<kw name="Input user info" library="Func_AppV4_Login">
<arg>${ID_Login_Password}</arg>
<arg>${PASSWORD}</arg>
<kw name="Click Element" library="AppiumLibrary">
<arg>${name}</arg>
<doc>Click element identified by `locator`.</doc>
<msg timestamp="20220724 21:20:50.634" level="INFO">Clicking element 'vn.payoo.demo.debug:id/pin_view_password'.</msg>
<status status="PASS" starttime="20220724 21:20:50.625" endtime="20220724 21:20:51.896"/>
</kw>
<kw name="Input Text" library="AppiumLibrary">
<arg>${name}</arg>
<arg>${VALUE}</arg>
<doc>Types the given `text` into text field identified by `locator`.</doc>
<msg timestamp="20220724 21:20:51.907" level="INFO">Typing text '' into text field 'vn.payoo.demo.debug:id/pin_view_password'</msg>
<status status="PASS" starttime="20220724 21:20:51.897" endtime="20220724 21:20:52.780"/>
</kw>
<status status="PASS" starttime="20220724 21:20:50.623" endtime="20220724 21:20:52.780"/>
</kw>
<status status="PASS" starttime="20220724 21:20:49.027" endtime="20220724 21:20:52.781"/>
</kw>
<status status="PASS" starttime="20220724 21:20:49.026" endtime="20220724 21:20:52.781"/>
</kw>
<kw name="Run Keyword If" library="BuiltIn">
<arg>'${TYPE}' == 'red text'</arg>
<arg>Verify notification when red text</arg>
<arg>${ERROR}</arg>
<doc>Runs the given keyword with the given arguments, if ``condition`` is true.</doc>
<kw name="Verify notification when red text" library="Func_AppV4_Login">
<arg>${ERROR}</arg>
<kw name="Page Should Contain Text" library="AppiumLibrary">
<arg>${ERROR}</arg>
<doc>Verifies that current page contains `text`.</doc>
<msg timestamp="20220724 21:20:52.959" level="INFO">Current page contains text 'Vui lòng nhập số điện thoại'.</msg>
<status status="PASS" starttime="20220724 21:20:52.783" endtime="20220724 21:20:52.959"/>
</kw>
<kw name="Element Should Be Disabled" library="AppiumLibrary">
<arg>${ID_Login_btnLogin}</arg>
<doc>Verifies that element identified with locator is disabled.</doc>
<msg timestamp="20220724 21:20:53.335" level="INFO">Element 'vn.payoo.demo.debug:id/btn_login' is disabled .</msg>
<status status="PASS" starttime="20220724 21:20:52.959" endtime="20220724 21:20:53.335"/>
</kw>
<status status="PASS" starttime="20220724 21:20:52.782" endtime="20220724 21:20:53.335"/>
</kw>
<status status="PASS" starttime="20220724 21:20:52.781" endtime="20220724 21:20:53.336"/>
</kw>
<kw name="Run Keyword If" library="BuiltIn">
<arg>'${TYPE}' == 'popup'</arg>
<arg>Verify notification when popup</arg>
<arg>${ERROR}</arg>
<doc>Runs the given keyword with the given arguments, if ``condition`` is true.</doc>
<status status="PASS" starttime="20220724 21:20:53.336" endtime="20220724 21:20:53.337"/>
</kw>
<kw name="Run Keyword If" library="BuiltIn">
<arg>'${TYPE}' == 'disable button'</arg>
<arg>Verify notification when disable button</arg>
<doc>Runs the given keyword with the given arguments, if ``condition`` is true.</doc>
<status status="PASS" starttime="20220724 21:20:53.337" endtime="20220724 21:20:53.338"/>
</kw>
<kw name="Run Keyword If" library="BuiltIn">
<arg>'${TEST_NAME}'=='login by phone number'</arg>
<arg>Login by phone number</arg>
<arg>${USERNAME}</arg>
<arg>${PASSWORD}</arg>
<arg>${ERROR}</arg>
<doc>Runs the given keyword with the given arguments, if ``condition`` is true.</doc>
<status status="PASS" starttime="20220724 21:20:53.338" endtime="20220724 21:20:53.339"/>
</kw>
<status status="PASS" starttime="20220724 21:20:47.626" endtime="20220724 21:20:53.339"/>
</kw>
<tag>debug</tag>
<status status="PASS" starttime="20220724 21:20:47.617" endtime="20220724 21:20:53.340"/>
</test>
<test id="s1-t2" name="empty phone" line="24">
<kw name="Login Template">
<arg>12345678</arg>
<arg>red text</arg>
<arg>fail</arg>
<arg>Vui lòng nhập số điện thoại</arg>
<kw name="Run Keyword And Return Status" library="BuiltIn">
<var>${status}</var>
<arg>page should contain element</arg>
<arg>${ID_Account_Popup_Error}</arg>
<doc>Runs the given keyword with given arguments and returns the status as a Boolean value.</doc>
<kw name="Page Should Contain Element" library="AppiumLibrary">
<arg>${ID_Account_Popup_Error}</arg>
<doc>Verifies that current page contains `locator` element.</doc>
<kw name="Capture Page Screenshot" library="AppiumLibrary">
<doc>Takes a screenshot of the current page and embeds it into the log.</doc>
<msg timestamp="20220724 21:20:53.967" level="INFO" html="true">&lt;/td&gt;&lt;/tr&gt;&lt;tr&gt;&lt;td colspan="3"&gt;&lt;a href="appium-screenshot-4.png"&gt;&lt;img src="appium-screenshot-4.png" width="800px"&gt;&lt;/a&gt;</msg>
<status status="PASS" starttime="20220724 21:20:53.411" endtime="20220724 21:20:53.968"/>
</kw>
<msg timestamp="20220724 21:20:53.968" level="FAIL">Page should have contained element 'vn.payoo.demo.debug:id/mid_message' but did not</msg>
<status status="FAIL" starttime="20220724 21:20:53.350" endtime="20220724 21:20:53.969"/>
</kw>
<msg timestamp="20220724 21:20:53.969" level="INFO">${status} = False</msg>
<status status="PASS" starttime="20220724 21:20:53.349" endtime="20220724 21:20:53.970"/>
</kw>
<kw name="Run Keyword If" library="BuiltIn">
<arg>${status}</arg>
<arg>Click Popup Close Buton Error Message</arg>
<doc>Runs the given keyword with the given arguments, if ``condition`` is true.</doc>
<status status="PASS" starttime="20220724 21:20:53.970" endtime="20220724 21:20:53.971"/>
</kw>
<kw name="Run Keyword If" library="BuiltIn">
<arg>'${TEST_NAME}'=='eWallet is temporarily locked'</arg>
<arg>Input temporarily locked info</arg>
<arg>${USERNAME}</arg>
<arg>${PASSWORD}</arg>
<doc>Runs the given keyword with the given arguments, if ``condition`` is true.</doc>
<status status="PASS" starttime="20220724 21:20:53.971" endtime="20220724 21:20:53.972"/>
</kw>
<kw name="Run Keyword If" library="BuiltIn">
<arg>'${TEST_NAME}'=='login by username'</arg>
<arg>Login by username</arg>
<arg>${USERNAME}</arg>
<arg>${PASSWORD}</arg>
<arg>${ERROR}</arg>
<doc>Runs the given keyword with the given arguments, if ``condition`` is true.</doc>
<status status="PASS" starttime="20220724 21:20:53.973" endtime="20220724 21:20:53.973"/>
</kw>
<kw name="Run Keyword If" library="BuiltIn">
<arg>'${TEST_NAME}'!='login by username'</arg>
<arg>Input info</arg>
<arg>${USERNAME}</arg>
<arg>${PASSWORD}</arg>
<doc>Runs the given keyword with the given arguments, if ``condition`` is true.</doc>
<kw name="Input info" library="Func_AppV4_Login">
<arg>${USERNAME}</arg>
<arg>${PASSWORD}</arg>
<kw name="Input user info" library="Func_AppV4_Login">
<arg>${ID_Login_Username}</arg>
<arg>${USERNAME}</arg>
<kw name="Click Element" library="AppiumLibrary">
<arg>${name}</arg>
<doc>Click element identified by `locator`.</doc>
<msg timestamp="20220724 21:20:53.990" level="INFO">Clicking element 'vn.payoo.demo.debug:id/edit_content'.</msg>
<status status="PASS" starttime="20220724 21:20:53.977" endtime="20220724 21:20:54.807"/>
</kw>
<kw name="Input Text" library="AppiumLibrary">
<arg>${name}</arg>
<arg>${VALUE}</arg>
<doc>Types the given `text` into text field identified by `locator`.</doc>
<msg timestamp="20220724 21:20:54.820" level="INFO">Typing text '' into text field 'vn.payoo.demo.debug:id/edit_content'</msg>
<status status="PASS" starttime="20220724 21:20:54.808" endtime="20220724 21:20:55.031"/>
</kw>
<status status="PASS" starttime="20220724 21:20:53.976" endtime="20220724 21:20:55.032"/>
</kw>
<kw name="Run Keyword If" library="BuiltIn">
<arg>'${USERNAME}' == None</arg>
<arg>sleep</arg>
<arg>5s</arg>
<doc>Runs the given keyword with the given arguments, if ``condition`` is true.</doc>
<status status="PASS" starttime="20220724 21:20:55.032" endtime="20220724 21:20:55.033"/>
</kw>
<kw name="Input user info" library="Func_AppV4_Login">
<arg>${ID_Login_Password}</arg>
<arg>${PASSWORD}</arg>
<kw name="Click Element" library="AppiumLibrary">
<arg>${name}</arg>
<doc>Click element identified by `locator`.</doc>
<msg timestamp="20220724 21:20:55.045" level="INFO">Clicking element 'vn.payoo.demo.debug:id/pin_view_password'.</msg>
<status status="PASS" starttime="20220724 21:20:55.035" endtime="20220724 21:20:55.707"/>
</kw>
<kw name="Input Text" library="AppiumLibrary">
<arg>${name}</arg>
<arg>${VALUE}</arg>
<doc>Types the given `text` into text field identified by `locator`.</doc>
<msg timestamp="20220724 21:20:55.716" level="INFO">Typing text '12345678' into text field 'vn.payoo.demo.debug:id/pin_view_password'</msg>
<status status="PASS" starttime="20220724 21:20:55.707" endtime="20220724 21:20:57.226"/>
</kw>
<status status="PASS" starttime="20220724 21:20:55.034" endtime="20220724 21:20:57.226"/>
</kw>
<status status="PASS" starttime="20220724 21:20:53.975" endtime="20220724 21:20:57.227"/>
</kw>
<status status="PASS" starttime="20220724 21:20:53.974" endtime="20220724 21:20:57.227"/>
</kw>
<kw name="Run Keyword If" library="BuiltIn">
<arg>'${TYPE}' == 'red text'</arg>
<arg>Verify notification when red text</arg>
<arg>${ERROR}</arg>
<doc>Runs the given keyword with the given arguments, if ``condition`` is true.</doc>
<kw name="Verify notification when red text" library="Func_AppV4_Login">
<arg>${ERROR}</arg>
<kw name="Page Should Contain Text" library="AppiumLibrary">
<arg>${ERROR}</arg>
<doc>Verifies that current page contains `text`.</doc>
<msg timestamp="20220724 21:20:57.441" level="INFO">Current page contains text 'Vui lòng nhập số điện thoại'.</msg>
<status status="PASS" starttime="20220724 21:20:57.233" endtime="20220724 21:20:57.442"/>
</kw>
<kw name="Element Should Be Disabled" library="AppiumLibrary">
<arg>${ID_Login_btnLogin}</arg>
<doc>Verifies that element identified with locator is disabled.</doc>
<msg timestamp="20220724 21:20:57.940" level="INFO">Element 'vn.payoo.demo.debug:id/btn_login' is disabled .</msg>
<status status="PASS" starttime="20220724 21:20:57.442" endtime="20220724 21:20:57.940"/>
</kw>
<status status="PASS" starttime="20220724 21:20:57.229" endtime="20220724 21:20:57.940"/>
</kw>
<status status="PASS" starttime="20220724 21:20:57.228" endtime="20220724 21:20:57.941"/>
</kw>
<kw name="Run Keyword If" library="BuiltIn">
<arg>'${TYPE}' == 'popup'</arg>
<arg>Verify notification when popup</arg>
<arg>${ERROR}</arg>
<doc>Runs the given keyword with the given arguments, if ``condition`` is true.</doc>
<status status="PASS" starttime="20220724 21:20:57.941" endtime="20220724 21:20:57.942"/>
</kw>
<kw name="Run Keyword If" library="BuiltIn">
<arg>'${TYPE}' == 'disable button'</arg>
<arg>Verify notification when disable button</arg>
<doc>Runs the given keyword with the given arguments, if ``condition`` is true.</doc>
<status status="PASS" starttime="20220724 21:20:57.942" endtime="20220724 21:20:57.942"/>
</kw>
<kw name="Run Keyword If" library="BuiltIn">
<arg>'${TEST_NAME}'=='login by phone number'</arg>
<arg>Login by phone number</arg>
<arg>${USERNAME}</arg>
<arg>${PASSWORD}</arg>
<arg>${ERROR}</arg>
<doc>Runs the given keyword with the given arguments, if ``condition`` is true.</doc>
<status status="PASS" starttime="20220724 21:20:57.943" endtime="20220724 21:20:57.944"/>
</kw>
<status status="PASS" starttime="20220724 21:20:53.348" endtime="20220724 21:20:57.944"/>
</kw>
<tag>debug</tag>
<status status="PASS" starttime="20220724 21:20:53.342" endtime="20220724 21:20:57.945"/>
</test>
<test id="s1-t3" name="empty pass" line="24">
<kw name="Login Template">
<arg>0832424006</arg>
<arg>disable button</arg>
<arg>fail</arg>
<kw name="Run Keyword And Return Status" library="BuiltIn">
<var>${status}</var>
<arg>page should contain element</arg>
<arg>${ID_Account_Popup_Error}</arg>
<doc>Runs the given keyword with given arguments and returns the status as a Boolean value.</doc>
<kw name="Page Should Contain Element" library="AppiumLibrary">
<arg>${ID_Account_Popup_Error}</arg>
<doc>Verifies that current page contains `locator` element.</doc>
<kw name="Capture Page Screenshot" library="AppiumLibrary">
<doc>Takes a screenshot of the current page and embeds it into the log.</doc>
<msg timestamp="20220724 21:20:58.555" level="INFO" html="true">&lt;/td&gt;&lt;/tr&gt;&lt;tr&gt;&lt;td colspan="3"&gt;&lt;a href="appium-screenshot-5.png"&gt;&lt;img src="appium-screenshot-5.png" width="800px"&gt;&lt;/a&gt;</msg>
<status status="PASS" starttime="20220724 21:20:58.023" endtime="20220724 21:20:58.555"/>
</kw>
<msg timestamp="20220724 21:20:58.556" level="FAIL">Page should have contained element 'vn.payoo.demo.debug:id/mid_message' but did not</msg>
<status status="FAIL" starttime="20220724 21:20:57.954" endtime="20220724 21:20:58.557"/>
</kw>
<msg timestamp="20220724 21:20:58.557" level="INFO">${status} = False</msg>
<status status="PASS" starttime="20220724 21:20:57.954" endtime="20220724 21:20:58.557"/>
</kw>
<kw name="Run Keyword If" library="BuiltIn">
<arg>${status}</arg>
<arg>Click Popup Close Buton Error Message</arg>
<doc>Runs the given keyword with the given arguments, if ``condition`` is true.</doc>
<status status="PASS" starttime="20220724 21:20:58.558" endtime="20220724 21:20:58.558"/>
</kw>
<kw name="Run Keyword If" library="BuiltIn">
<arg>'${TEST_NAME}'=='eWallet is temporarily locked'</arg>
<arg>Input temporarily locked info</arg>
<arg>${USERNAME}</arg>
<arg>${PASSWORD}</arg>
<doc>Runs the given keyword with the given arguments, if ``condition`` is true.</doc>
<status status="PASS" starttime="20220724 21:20:58.559" endtime="20220724 21:20:58.559"/>
</kw>
<kw name="Run Keyword If" library="BuiltIn">
<arg>'${TEST_NAME}'=='login by username'</arg>
<arg>Login by username</arg>
<arg>${USERNAME}</arg>
<arg>${PASSWORD}</arg>
<arg>${ERROR}</arg>
<doc>Runs the given keyword with the given arguments, if ``condition`` is true.</doc>
<status status="PASS" starttime="20220724 21:20:58.560" endtime="20220724 21:20:58.560"/>
</kw>
<kw name="Run Keyword If" library="BuiltIn">
<arg>'${TEST_NAME}'!='login by username'</arg>
<arg>Input info</arg>
<arg>${USERNAME}</arg>
<arg>${PASSWORD}</arg>
<doc>Runs the given keyword with the given arguments, if ``condition`` is true.</doc>
<kw name="Input info" library="Func_AppV4_Login">
<arg>${USERNAME}</arg>
<arg>${PASSWORD}</arg>
<kw name="Input user info" library="Func_AppV4_Login">
<arg>${ID_Login_Username}</arg>
<arg>${USERNAME}</arg>
<kw name="Click Element" library="AppiumLibrary">
<arg>${name}</arg>
<doc>Click element identified by `locator`.</doc>
<msg timestamp="20220724 21:20:58.573" level="INFO">Clicking element 'vn.payoo.demo.debug:id/edit_content'.</msg>
<status status="PASS" starttime="20220724 21:20:58.563" endtime="20220724 21:20:58.746"/>
</kw>
<kw name="Input Text" library="AppiumLibrary">
<arg>${name}</arg>
<arg>${VALUE}</arg>
<doc>Types the given `text` into text field identified by `locator`.</doc>
<msg timestamp="20220724 21:20:58.754" level="INFO">Typing text '0832424006' into text field 'vn.payoo.demo.debug:id/edit_content'</msg>
<status status="PASS" starttime="20220724 21:20:58.747" endtime="20220724 21:21:00.085"/>
</kw>
<status status="PASS" starttime="20220724 21:20:58.562" endtime="20220724 21:21:00.085"/>
</kw>
<kw name="Run Keyword If" library="BuiltIn">
<arg>'${USERNAME}' == None</arg>
<arg>sleep</arg>
<arg>5s</arg>
<doc>Runs the given keyword with the given arguments, if ``condition`` is true.</doc>
<status status="PASS" starttime="20220724 21:21:00.086" endtime="20220724 21:21:00.086"/>
</kw>
<kw name="Input user info" library="Func_AppV4_Login">
<arg>${ID_Login_Password}</arg>
<arg>${PASSWORD}</arg>
<kw name="Click Element" library="AppiumLibrary">
<arg>${name}</arg>
<doc>Click element identified by `locator`.</doc>
<msg timestamp="20220724 21:21:00.096" level="INFO">Clicking element 'vn.payoo.demo.debug:id/pin_view_password'.</msg>
<status status="PASS" starttime="20220724 21:21:00.087" endtime="20220724 21:21:01.066"/>
</kw>
<kw name="Input Text" library="AppiumLibrary">
<arg>${name}</arg>
<arg>${VALUE}</arg>
<doc>Types the given `text` into text field identified by `locator`.</doc>
<msg timestamp="20220724 21:21:01.077" level="INFO">Typing text '' into text field 'vn.payoo.demo.debug:id/pin_view_password'</msg>
<status status="PASS" starttime="20220724 21:21:01.066" endtime="20220724 21:21:02.607"/>
</kw>
<status status="PASS" starttime="20220724 21:21:00.086" endtime="20220724 21:21:02.607"/>
</kw>
<status status="PASS" starttime="20220724 21:20:58.561" endtime="20220724 21:21:02.607"/>
</kw>
<status status="PASS" starttime="20220724 21:20:58.561" endtime="20220724 21:21:02.607"/>
</kw>
<kw name="Run Keyword If" library="BuiltIn">
<arg>'${TYPE}' == 'red text'</arg>
<arg>Verify notification when red text</arg>
<arg>${ERROR}</arg>
<doc>Runs the given keyword with the given arguments, if ``condition`` is true.</doc>
<status status="PASS" starttime="20220724 21:21:02.608" endtime="20220724 21:21:02.608"/>
</kw>
<kw name="Run Keyword If" library="BuiltIn">
<arg>'${TYPE}' == 'popup'</arg>
<arg>Verify notification when popup</arg>
<arg>${ERROR}</arg>
<doc>Runs the given keyword with the given arguments, if ``condition`` is true.</doc>
<status status="PASS" starttime="20220724 21:21:02.609" endtime="20220724 21:21:02.609"/>
</kw>
<kw name="Run Keyword If" library="BuiltIn">
<arg>'${TYPE}' == 'disable button'</arg>
<arg>Verify notification when disable button</arg>
<doc>Runs the given keyword with the given arguments, if ``condition`` is true.</doc>
<kw name="Verify notification when disable button" library="Func_AppV4_Login">
<kw name="Element Should Be Disabled" library="AppiumLibrary">
<arg>${ID_Login_btnLogin}</arg>
<doc>Verifies that element identified with locator is disabled.</doc>
<msg timestamp="20220724 21:21:03.175" level="INFO">Element 'vn.payoo.demo.debug:id/btn_login' is disabled .</msg>
<status status="PASS" starttime="20220724 21:21:02.611" endtime="20220724 21:21:03.175"/>
</kw>
<status status="PASS" starttime="20220724 21:21:02.610" endtime="20220724 21:21:03.176"/>
</kw>
<status status="PASS" starttime="20220724 21:21:02.610" endtime="20220724 21:21:03.176"/>
</kw>
<kw name="Run Keyword If" library="BuiltIn">
<arg>'${TEST_NAME}'=='login by phone number'</arg>
<arg>Login by phone number</arg>
<arg>${USERNAME}</arg>
<arg>${PASSWORD}</arg>
<arg>${ERROR}</arg>
<doc>Runs the given keyword with the given arguments, if ``condition`` is true.</doc>
<status status="PASS" starttime="20220724 21:21:03.176" endtime="20220724 21:21:03.177"/>
</kw>
<status status="PASS" starttime="20220724 21:20:57.953" endtime="20220724 21:21:03.177"/>
</kw>
<status status="PASS" starttime="20220724 21:20:57.946" endtime="20220724 21:21:03.178"/>
</test>
<test id="s1-t4" name="wrong pass" line="24">
<kw name="Login Template">
<arg>0836970995</arg>
<arg>001</arg>
<arg>popup</arg>
<arg>fail</arg>
<arg>Thông tin Ví điện tử không đúng</arg>
<kw name="Run Keyword And Return Status" library="BuiltIn">
<var>${status}</var>
<arg>page should contain element</arg>
<arg>${ID_Account_Popup_Error}</arg>
<doc>Runs the given keyword with given arguments and returns the status as a Boolean value.</doc>
<kw name="Page Should Contain Element" library="AppiumLibrary">
<arg>${ID_Account_Popup_Error}</arg>
<doc>Verifies that current page contains `locator` element.</doc>
<kw name="Capture Page Screenshot" library="AppiumLibrary">
<doc>Takes a screenshot of the current page and embeds it into the log.</doc>
<msg timestamp="20220724 21:21:03.797" level="INFO" html="true">&lt;/td&gt;&lt;/tr&gt;&lt;tr&gt;&lt;td colspan="3"&gt;&lt;a href="appium-screenshot-6.png"&gt;&lt;img src="appium-screenshot-6.png" width="800px"&gt;&lt;/a&gt;</msg>
<status status="PASS" starttime="20220724 21:21:03.254" endtime="20220724 21:21:03.797"/>
</kw>
<msg timestamp="20220724 21:21:03.798" level="FAIL">Page should have contained element 'vn.payoo.demo.debug:id/mid_message' but did not</msg>
<status status="FAIL" starttime="20220724 21:21:03.187" endtime="20220724 21:21:03.798"/>
</kw>
<msg timestamp="20220724 21:21:03.799" level="INFO">${status} = False</msg>
<status status="PASS" starttime="20220724 21:21:03.187" endtime="20220724 21:21:03.799"/>
</kw>
<kw name="Run Keyword If" library="BuiltIn">
<arg>${status}</arg>
<arg>Click Popup Close Buton Error Message</arg>
<doc>Runs the given keyword with the given arguments, if ``condition`` is true.</doc>
<status status="PASS" starttime="20220724 21:21:03.799" endtime="20220724 21:21:03.800"/>
</kw>
<kw name="Run Keyword If" library="BuiltIn">
<arg>'${TEST_NAME}'=='eWallet is temporarily locked'</arg>
<arg>Input temporarily locked info</arg>
<arg>${USERNAME}</arg>
<arg>${PASSWORD}</arg>
<doc>Runs the given keyword with the given arguments, if ``condition`` is true.</doc>
<status status="PASS" starttime="20220724 21:21:03.800" endtime="20220724 21:21:03.800"/>
</kw>
<kw name="Run Keyword If" library="BuiltIn">
<arg>'${TEST_NAME}'=='login by username'</arg>
<arg>Login by username</arg>
<arg>${USERNAME}</arg>
<arg>${PASSWORD}</arg>
<arg>${ERROR}</arg>
<doc>Runs the given keyword with the given arguments, if ``condition`` is true.</doc>
<status status="PASS" starttime="20220724 21:21:03.801" endtime="20220724 21:21:03.801"/>
</kw>
<kw name="Run Keyword If" library="BuiltIn">
<arg>'${TEST_NAME}'!='login by username'</arg>
<arg>Input info</arg>
<arg>${USERNAME}</arg>
<arg>${PASSWORD}</arg>
<doc>Runs the given keyword with the given arguments, if ``condition`` is true.</doc>
<kw name="Input info" library="Func_AppV4_Login">
<arg>${USERNAME}</arg>
<arg>${PASSWORD}</arg>
<kw name="Input user info" library="Func_AppV4_Login">
<arg>${ID_Login_Username}</arg>
<arg>${USERNAME}</arg>
<kw name="Click Element" library="AppiumLibrary">
<arg>${name}</arg>
<doc>Click element identified by `locator`.</doc>
<msg timestamp="20220724 21:21:03.814" level="INFO">Clicking element 'vn.payoo.demo.debug:id/edit_content'.</msg>
<status status="PASS" starttime="20220724 21:21:03.805" endtime="20220724 21:21:03.954"/>
</kw>
<kw name="Input Text" library="AppiumLibrary">
<arg>${name}</arg>
<arg>${VALUE}</arg>
<doc>Types the given `text` into text field identified by `locator`.</doc>
<msg timestamp="20220724 21:21:03.964" level="INFO">Typing text '0836970995' into text field 'vn.payoo.demo.debug:id/edit_content'</msg>
<status status="PASS" starttime="20220724 21:21:03.955" endtime="20220724 21:21:05.416"/>
</kw>
<status status="PASS" starttime="20220724 21:21:03.804" endtime="20220724 21:21:05.416"/>
</kw>
<kw name="Run Keyword If" library="BuiltIn">
<arg>'${USERNAME}' == None</arg>
<arg>sleep</arg>
<arg>5s</arg>
<doc>Runs the given keyword with the given arguments, if ``condition`` is true.</doc>
<status status="PASS" starttime="20220724 21:21:05.416" endtime="20220724 21:21:05.417"/>
</kw>
<kw name="Input user info" library="Func_AppV4_Login">
<arg>${ID_Login_Password}</arg>
<arg>${PASSWORD}</arg>
<kw name="Click Element" library="AppiumLibrary">
<arg>${name}</arg>
<doc>Click element identified by `locator`.</doc>
<msg timestamp="20220724 21:21:05.429" level="INFO">Clicking element 'vn.payoo.demo.debug:id/pin_view_password'.</msg>
<status status="PASS" starttime="20220724 21:21:05.419" endtime="20220724 21:21:06.142"/>
</kw>
<kw name="Input Text" library="AppiumLibrary">
<arg>${name}</arg>
<arg>${VALUE}</arg>
<doc>Types the given `text` into text field identified by `locator`.</doc>
<msg timestamp="20220724 21:21:06.152" level="INFO">Typing text '001' into text field 'vn.payoo.demo.debug:id/pin_view_password'</msg>
<status status="PASS" starttime="20220724 21:21:06.143" endtime="20220724 21:21:07.635"/>
</kw>
<status status="PASS" starttime="20220724 21:21:05.418" endtime="20220724 21:21:07.635"/>
</kw>
<status status="PASS" starttime="20220724 21:21:03.803" endtime="20220724 21:21:07.636"/>
</kw>
<status status="PASS" starttime="20220724 21:21:03.802" endtime="20220724 21:21:07.636"/>
</kw>
<kw name="Run Keyword If" library="BuiltIn">
<arg>'${TYPE}' == 'red text'</arg>
<arg>Verify notification when red text</arg>
<arg>${ERROR}</arg>
<doc>Runs the given keyword with the given arguments, if ``condition`` is true.</doc>
<status status="PASS" starttime="20220724 21:21:07.637" endtime="20220724 21:21:07.637"/>
</kw>
<kw name="Run Keyword If" library="BuiltIn">
<arg>'${TYPE}' == 'popup'</arg>
<arg>Verify notification when popup</arg>
<arg>${ERROR}</arg>
<doc>Runs the given keyword with the given arguments, if ``condition`` is true.</doc>
<kw name="Verify notification when popup" library="Func_AppV4_Login">
<arg>${ERROR}</arg>
<kw name="Click Button Login" library="PO_AppV4_Login">
<kw name="Wait Until Element Is Visible" library="AppiumLibrary">
<arg>${ID_Login_btnLogin}</arg>
<doc>Waits until element specified with `locator` is visible.</doc>
<status status="PASS" starttime="20220724 21:21:07.642" endtime="20220724 21:21:08.503"/>
</kw>
<kw name="Click Element" library="AppiumLibrary">
<arg>${ID_Login_btnLogin}</arg>
<doc>Click element identified by `locator`.</doc>
<msg timestamp="20220724 21:21:08.514" level="INFO">Clicking element 'vn.payoo.demo.debug:id/btn_login'.</msg>
<status status="PASS" starttime="20220724 21:21:08.503" endtime="20220724 21:21:10.856"/>
</kw>
<status status="PASS" starttime="20220724 21:21:07.640" endtime="20220724 21:21:10.856"/>
</kw>
<kw name="Verify Popup Error" library="PO_AppV4_Account">
<kw name="Wait Until Element Is Visible" library="AppiumLibrary">
<arg>${ID_Account_Popup_Error}</arg>
<arg>timeout=30s</arg>
<doc>Waits until element specified with `locator` is visible.</doc>
<status status="PASS" starttime="20220724 21:21:10.857" endtime="20220724 21:21:10.938"/>
</kw>
<status status="PASS" starttime="20220724 21:21:10.856" endtime="20220724 21:21:10.938"/>
</kw>
<kw name="Element Should Contain Text" library="AppiumLibrary">
<arg>${ID_Account_Popup_Error}</arg>
<arg>${ERROR}</arg>
<doc>Verifies element identified by ``locator`` contains text ``expected``.</doc>
<msg timestamp="20220724 21:21:10.948" level="INFO">Verifying element 'vn.payoo.demo.debug:id/mid_message' contains text 'Thông tin Ví điện tử không đúng'.</msg>
<status status="PASS" starttime="20220724 21:21:10.939" endtime="20220724 21:21:11.023"/>
</kw>
<status status="PASS" starttime="20220724 21:21:07.639" endtime="20220724 21:21:11.024"/>
</kw>
<status status="PASS" starttime="20220724 21:21:07.638" endtime="20220724 21:21:11.024"/>
</kw>
<kw name="Run Keyword If" library="BuiltIn">
<arg>'${TYPE}' == 'disable button'</arg>
<arg>Verify notification when disable button</arg>
<doc>Runs the given keyword with the given arguments, if ``condition`` is true.</doc>
<status status="PASS" starttime="20220724 21:21:11.024" endtime="20220724 21:21:11.025"/>
</kw>
<kw name="Run Keyword If" library="BuiltIn">
<arg>'${TEST_NAME}'=='login by phone number'</arg>
<arg>Login by phone number</arg>
<arg>${USERNAME}</arg>
<arg>${PASSWORD}</arg>
<arg>${ERROR}</arg>
<doc>Runs the given keyword with the given arguments, if ``condition`` is true.</doc>
<status status="PASS" starttime="20220724 21:21:11.025" endtime="20220724 21:21:11.026"/>
</kw>
<status status="PASS" starttime="20220724 21:21:03.185" endtime="20220724 21:21:11.026"/>
</kw>
<status status="PASS" starttime="20220724 21:21:03.180" endtime="20220724 21:21:11.027"/>
</test>
<test id="s1-t5" name="eWallet is temporarily locked" line="24">
<kw name="Login Template">
<arg>0836970995</arg>
<arg>001</arg>
<arg>popup</arg>
<arg>fail</arg>
<arg>Bạn đã nhập thông tin sai liên tục nhiều lần. Để bảo vệ, VĐT của bạn sẽ bị tạm khóa.</arg>
<kw name="Run Keyword And Return Status" library="BuiltIn">
<var>${status}</var>
<arg>page should contain element</arg>
<arg>${ID_Account_Popup_Error}</arg>
<doc>Runs the given keyword with given arguments and returns the status as a Boolean value.</doc>
<kw name="Page Should Contain Element" library="AppiumLibrary">
<arg>${ID_Account_Popup_Error}</arg>
<doc>Verifies that current page contains `locator` element.</doc>
<msg timestamp="20220724 21:21:11.094" level="INFO">Current page contains element 'vn.payoo.demo.debug:id/mid_message'.</msg>
<status status="PASS" starttime="20220724 21:21:11.036" endtime="20220724 21:21:11.094"/>
</kw>
<msg timestamp="20220724 21:21:11.094" level="INFO">${status} = True</msg>
<status status="PASS" starttime="20220724 21:21:11.036" endtime="20220724 21:21:11.095"/>
</kw>
<kw name="Run Keyword If" library="BuiltIn">
<arg>${status}</arg>
<arg>Click Popup Close Buton Error Message</arg>
<doc>Runs the given keyword with the given arguments, if ``condition`` is true.</doc>
<kw name="Click Popup Close Buton Error Message" library="PO_AppV4_Account">
<kw name="Wait Until Element Is Visible" library="AppiumLibrary">
<arg>${ID_Account_Popup_Btn_Right}</arg>
<doc>Waits until element specified with `locator` is visible.</doc>
<status status="PASS" starttime="20220724 21:21:11.096" endtime="20220724 21:21:11.180"/>
</kw>
<kw name="Click Element" library="AppiumLibrary">
<arg>${ID_Account_Popup_Btn_Right}</arg>
<doc>Click element identified by `locator`.</doc>
<msg timestamp="20220724 21:21:11.189" level="INFO">Clicking element 'vn.payoo.demo.debug:id/right_button'.</msg>
<status status="PASS" starttime="20220724 21:21:11.180" endtime="20220724 21:21:11.322"/>
</kw>
<status status="PASS" starttime="20220724 21:21:11.095" endtime="20220724 21:21:11.322"/>
</kw>
<status status="PASS" starttime="20220724 21:21:11.095" endtime="20220724 21:21:11.322"/>
</kw>
<kw name="Run Keyword If" library="BuiltIn">
<arg>'${TEST_NAME}'=='eWallet is temporarily locked'</arg>
<arg>Input temporarily locked info</arg>
<arg>${USERNAME}</arg>
<arg>${PASSWORD}</arg>
<doc>Runs the given keyword with the given arguments, if ``condition`` is true.</doc>
<kw name="Input temporarily locked info" library="Func_AppV4_Login">
<arg>${USERNAME}</arg>
<arg>${PASSWORD}</arg>
<for flavor="IN RANGE">
<var>${i}</var>
<value>3</value>
<iter>
<var name="${i}">0</var>
<kw name="Verify Screen Input" library="PO_AppV4_Login">
<kw name="Wait Until Element Is Visible" library="AppiumLibrary">
<arg>${ID_Login_Title}</arg>
<arg>timeout=3s</arg>
<doc>Waits until element specified with `locator` is visible.</doc>
<status status="PASS" starttime="20220724 21:21:11.326" endtime="20220724 21:21:12.116"/>
</kw>
<status status="PASS" starttime="20220724 21:21:11.326" endtime="20220724 21:21:12.117"/>
</kw>
<kw name="Click Button Login" library="PO_AppV4_Login">
<kw name="Wait Until Element Is Visible" library="AppiumLibrary">
<arg>${ID_Login_btnLogin}</arg>
<doc>Waits until element specified with `locator` is visible.</doc>
<status status="PASS" starttime="20220724 21:21:12.118" endtime="20220724 21:21:12.194"/>
</kw>
<kw name="Click Element" library="AppiumLibrary">
<arg>${ID_Login_btnLogin}</arg>
<doc>Click element identified by `locator`.</doc>
<msg timestamp="20220724 21:21:12.204" level="INFO">Clicking element 'vn.payoo.demo.debug:id/btn_login'.</msg>
<status status="PASS" starttime="20220724 21:21:12.194" endtime="20220724 21:21:13.826"/>
</kw>
<status status="PASS" starttime="20220724 21:21:12.117" endtime="20220724 21:21:13.826"/>
</kw>
<kw name="Verify Popup Error" library="PO_AppV4_Account">
<kw name="Wait Until Element Is Visible" library="AppiumLibrary">
<arg>${ID_Account_Popup_Error}</arg>
<arg>timeout=30s</arg>
<doc>Waits until element specified with `locator` is visible.</doc>
<status status="PASS" starttime="20220724 21:21:13.828" endtime="20220724 21:21:13.900"/>
</kw>
<status status="PASS" starttime="20220724 21:21:13.827" endtime="20220724 21:21:13.900"/>
</kw>
<kw name="Click Popup Close Buton Error Message" library="PO_AppV4_Account">
<kw name="Wait Until Element Is Visible" library="AppiumLibrary">
<arg>${ID_Account_Popup_Btn_Right}</arg>
<doc>Waits until element specified with `locator` is visible.</doc>
<status status="PASS" starttime="20220724 21:21:13.901" endtime="20220724 21:21:13.968"/>
</kw>
<kw name="Click Element" library="AppiumLibrary">
<arg>${ID_Account_Popup_Btn_Right}</arg>
<doc>Click element identified by `locator`.</doc>
<msg timestamp="20220724 21:21:13.978" level="INFO">Clicking element 'vn.payoo.demo.debug:id/right_button'.</msg>
<status status="PASS" starttime="20220724 21:21:13.968" endtime="20220724 21:21:14.080"/>
</kw>
<status status="PASS" starttime="20220724 21:21:13.900" endtime="20220724 21:21:14.080"/>
</kw>
<status status="PASS" starttime="20220724 21:21:11.325" endtime="20220724 21:21:14.081"/>
</iter>
<iter>
<var name="${i}">1</var>
<kw name="Verify Screen Input" library="PO_AppV4_Login">
<kw name="Wait Until Element Is Visible" library="AppiumLibrary">
<arg>${ID_Login_Title}</arg>
<arg>timeout=3s</arg>
<doc>Waits until element specified with `locator` is visible.</doc>
<status status="PASS" starttime="20220724 21:21:14.082" endtime="20220724 21:21:14.875"/>
</kw>
<status status="PASS" starttime="20220724 21:21:14.081" endtime="20220724 21:21:14.875"/>
</kw>
<kw name="Click Button Login" library="PO_AppV4_Login">
<kw name="Wait Until Element Is Visible" library="AppiumLibrary">
<arg>${ID_Login_btnLogin}</arg>
<doc>Waits until element specified with `locator` is visible.</doc>
<status status="PASS" starttime="20220724 21:21:14.876" endtime="20220724 21:21:14.964"/>
</kw>
<kw name="Click Element" library="AppiumLibrary">
<arg>${ID_Login_btnLogin}</arg>
<doc>Click element identified by `locator`.</doc>
<msg timestamp="20220724 21:21:14.977" level="INFO">Clicking element 'vn.payoo.demo.debug:id/btn_login'.</msg>
<status status="PASS" starttime="20220724 21:21:14.965" endtime="20220724 21:21:15.129"/>
</kw>
<status status="PASS" starttime="20220724 21:21:14.876" endtime="20220724 21:21:15.129"/>
</kw>
<kw name="Verify Popup Error" library="PO_AppV4_Account">
<kw name="Wait Until Element Is Visible" library="AppiumLibrary">
<arg>${ID_Account_Popup_Error}</arg>
<arg>timeout=30s</arg>
<doc>Waits until element specified with `locator` is visible.</doc>
<status status="PASS" starttime="20220724 21:21:15.131" endtime="20220724 21:21:16.645"/>
</kw>
<status status="PASS" starttime="20220724 21:21:15.130" endtime="20220724 21:21:16.645"/>
</kw>
<kw name="Click Popup Close Buton Error Message" library="PO_AppV4_Account">
<kw name="Wait Until Element Is Visible" library="AppiumLibrary">
<arg>${ID_Account_Popup_Btn_Right}</arg>
<doc>Waits until element specified with `locator` is visible.</doc>
<status status="PASS" starttime="20220724 21:21:16.646" endtime="20220724 21:21:16.722"/>
</kw>
<kw name="Click Element" library="AppiumLibrary">
<arg>${ID_Account_Popup_Btn_Right}</arg>
<doc>Click element identified by `locator`.</doc>
<msg timestamp="20220724 21:21:16.733" level="INFO">Clicking element 'vn.payoo.demo.debug:id/right_button'.</msg>
<status status="PASS" starttime="20220724 21:21:16.723" endtime="20220724 21:21:16.880"/>
</kw>
<status status="PASS" starttime="20220724 21:21:16.645" endtime="20220724 21:21:16.880"/>
</kw>
<status status="PASS" starttime="20220724 21:21:14.081" endtime="20220724 21:21:16.881"/>
</iter>
<iter>
<var name="${i}">2</var>
<kw name="Verify Screen Input" library="PO_AppV4_Login">
<kw name="Wait Until Element Is Visible" library="AppiumLibrary">
<arg>${ID_Login_Title}</arg>
<arg>timeout=3s</arg>
<doc>Waits until element specified with `locator` is visible.</doc>
<status status="PASS" starttime="20220724 21:21:16.882" endtime="20220724 21:21:17.664"/>
</kw>
<status status="PASS" starttime="20220724 21:21:16.881" endtime="20220724 21:21:17.664"/>
</kw>
<kw name="Click Button Login" library="PO_AppV4_Login">
<kw name="Wait Until Element Is Visible" library="AppiumLibrary">
<arg>${ID_Login_btnLogin}</arg>
<doc>Waits until element specified with `locator` is visible.</doc>
<status status="PASS" starttime="20220724 21:21:17.666" endtime="20220724 21:21:17.752"/>
</kw>
<kw name="Click Element" library="AppiumLibrary">
<arg>${ID_Login_btnLogin}</arg>
<doc>Click element identified by `locator`.</doc>
<msg timestamp="20220724 21:21:17.762" level="INFO">Clicking element 'vn.payoo.demo.debug:id/btn_login'.</msg>
<status status="PASS" starttime="20220724 21:21:17.753" endtime="20220724 21:21:19.370"/>
</kw>
<status status="PASS" starttime="20220724 21:21:17.665" endtime="20220724 21:21:19.370"/>
</kw>
<kw name="Verify Popup Error" library="PO_AppV4_Account">
<kw name="Wait Until Element Is Visible" library="AppiumLibrary">
<arg>${ID_Account_Popup_Error}</arg>
<arg>timeout=30s</arg>
<doc>Waits until element specified with `locator` is visible.</doc>
<status status="PASS" starttime="20220724 21:21:19.372" endtime="20220724 21:21:19.443"/>
</kw>
<status status="PASS" starttime="20220724 21:21:19.371" endtime="20220724 21:21:19.444"/>
</kw>
<kw name="Click Popup Close Buton Error Message" library="PO_AppV4_Account">
<kw name="Wait Until Element Is Visible" library="AppiumLibrary">
<arg>${ID_Account_Popup_Btn_Right}</arg>
<doc>Waits until element specified with `locator` is visible.</doc>
<status status="PASS" starttime="20220724 21:21:19.445" endtime="20220724 21:21:19.527"/>
</kw>
<kw name="Click Element" library="AppiumLibrary">
<arg>${ID_Account_Popup_Btn_Right}</arg>
<doc>Click element identified by `locator`.</doc>
<msg timestamp="20220724 21:21:19.539" level="INFO">Clicking element 'vn.payoo.demo.debug:id/right_button'.</msg>
<status status="PASS" starttime="20220724 21:21:19.527" endtime="20220724 21:21:19.668"/>
</kw>
<status status="PASS" starttime="20220724 21:21:19.444" endtime="20220724 21:21:19.668"/>
</kw>
<status status="PASS" starttime="20220724 21:21:16.881" endtime="20220724 21:21:19.669"/>
</iter>
<status status="PASS" starttime="20220724 21:21:11.325" endtime="20220724 21:21:19.669"/>
</for>
<status status="PASS" starttime="20220724 21:21:11.324" endtime="20220724 21:21:19.669"/>
</kw>
<status status="PASS" starttime="20220724 21:21:11.323" endtime="20220724 21:21:19.669"/>
</kw>
<kw name="Run Keyword If" library="BuiltIn">
<arg>'${TEST_NAME}'=='login by username'</arg>
<arg>Login by username</arg>
<arg>${USERNAME}</arg>
<arg>${PASSWORD}</arg>
<arg>${ERROR}</arg>
<doc>Runs the given keyword with the given arguments, if ``condition`` is true.</doc>
<status status="PASS" starttime="20220724 21:21:19.670" endtime="20220724 21:21:19.670"/>
</kw>
<kw name="Run Keyword If" library="BuiltIn">
<arg>'${TEST_NAME}'!='login by username'</arg>
<arg>Input info</arg>
<arg>${USERNAME}</arg>
<arg>${PASSWORD}</arg>
<doc>Runs the given keyword with the given arguments, if ``condition`` is true.</doc>
<kw name="Input info" library="Func_AppV4_Login">
<arg>${USERNAME}</arg>
<arg>${PASSWORD}</arg>
<kw name="Input user info" library="Func_AppV4_Login">
<arg>${ID_Login_Username}</arg>
<arg>${USERNAME}</arg>
<kw name="Click Element" library="AppiumLibrary">
<arg>${name}</arg>
<doc>Click element identified by `locator`.</doc>
<msg timestamp="20220724 21:21:19.682" level="INFO">Clicking element 'vn.payoo.demo.debug:id/edit_content'.</msg>
<status status="PASS" starttime="20220724 21:21:19.673" endtime="20220724 21:21:20.517"/>
</kw>
<kw name="Input Text" library="AppiumLibrary">
<arg>${name}</arg>
<arg>${VALUE}</arg>
<doc>Types the given `text` into text field identified by `locator`.</doc>
<msg timestamp="20220724 21:21:20.529" level="INFO">Typing text '0836970995' into text field 'vn.payoo.demo.debug:id/edit_content'</msg>
<status status="PASS" starttime="20220724 21:21:20.518" endtime="20220724 21:21:22.217"/>
</kw>
<status status="PASS" starttime="20220724 21:21:19.672" endtime="20220724 21:21:22.217"/>
</kw>
<kw name="Run Keyword If" library="BuiltIn">
<arg>'${USERNAME}' == None</arg>
<arg>sleep</arg>
<arg>5s</arg>
<doc>Runs the given keyword with the given arguments, if ``condition`` is true.</doc>
<status status="PASS" starttime="20220724 21:21:22.218" endtime="20220724 21:21:22.219"/>
</kw>
<kw name="Input user info" library="Func_AppV4_Login">
<arg>${ID_Login_Password}</arg>
<arg>${PASSWORD}</arg>
<kw name="Click Element" library="AppiumLibrary">
<arg>${name}</arg>
<doc>Click element identified by `locator`.</doc>
<msg timestamp="20220724 21:21:22.230" level="INFO">Clicking element 'vn.payoo.demo.debug:id/pin_view_password'.</msg>
<status status="PASS" starttime="20220724 21:21:22.220" endtime="20220724 21:21:23.170"/>
</kw>
<kw name="Input Text" library="AppiumLibrary">
<arg>${name}</arg>
<arg>${VALUE}</arg>
<doc>Types the given `text` into text field identified by `locator`.</doc>
<msg timestamp="20220724 21:21:23.180" level="INFO">Typing text '001' into text field 'vn.payoo.demo.debug:id/pin_view_password'</msg>
<status status="PASS" starttime="20220724 21:21:23.171" endtime="20220724 21:21:24.707"/>
</kw>
<status status="PASS" starttime="20220724 21:21:22.219" endtime="20220724 21:21:24.708"/>
</kw>
<status status="PASS" starttime="20220724 21:21:19.671" endtime="20220724 21:21:24.708"/>
</kw>
<status status="PASS" starttime="20220724 21:21:19.671" endtime="20220724 21:21:24.708"/>
</kw>
<kw name="Run Keyword If" library="BuiltIn">
<arg>'${TYPE}' == 'red text'</arg>
<arg>Verify notification when red text</arg>
<arg>${ERROR}</arg>
<doc>Runs the given keyword with the given arguments, if ``condition`` is true.</doc>
<status status="PASS" starttime="20220724 21:21:24.709" endtime="20220724 21:21:24.709"/>
</kw>
<kw name="Run Keyword If" library="BuiltIn">
<arg>'${TYPE}' == 'popup'</arg>
<arg>Verify notification when popup</arg>
<arg>${ERROR}</arg>
<doc>Runs the given keyword with the given arguments, if ``condition`` is true.</doc>
<kw name="Verify notification when popup" library="Func_AppV4_Login">
<arg>${ERROR}</arg>
<kw name="Click Button Login" library="PO_AppV4_Login">
<kw name="Wait Until Element Is Visible" library="AppiumLibrary">
<arg>${ID_Login_btnLogin}</arg>
<doc>Waits until element specified with `locator` is visible.</doc>
<status status="PASS" starttime="20220724 21:21:24.713" endtime="20220724 21:21:25.580"/>
</kw>
<kw name="Click Element" library="AppiumLibrary">
<arg>${ID_Login_btnLogin}</arg>
<doc>Click element identified by `locator`.</doc>
<msg timestamp="20220724 21:21:25.593" level="INFO">Clicking element 'vn.payoo.demo.debug:id/btn_login'.</msg>
<status status="PASS" starttime="20220724 21:21:25.581" endtime="20220724 21:21:25.756"/>
</kw>
<status status="PASS" starttime="20220724 21:21:24.712" endtime="20220724 21:21:25.757"/>
</kw>
<kw name="Verify Popup Error" library="PO_AppV4_Account">
<kw name="Wait Until Element Is Visible" library="AppiumLibrary">
<arg>${ID_Account_Popup_Error}</arg>
<arg>timeout=30s</arg>
<doc>Waits until element specified with `locator` is visible.</doc>
<status status="PASS" starttime="20220724 21:21:25.758" endtime="20220724 21:21:27.225"/>
</kw>
<status status="PASS" starttime="20220724 21:21:25.757" endtime="20220724 21:21:27.225"/>
</kw>
<kw name="Element Should Contain Text" library="AppiumLibrary">
<arg>${ID_Account_Popup_Error}</arg>
<arg>${ERROR}</arg>
<doc>Verifies element identified by ``locator`` contains text ``expected``.</doc>
<msg timestamp="20220724 21:21:27.234" level="INFO">Verifying element 'vn.payoo.demo.debug:id/mid_message' contains text 'Bạn đã nhập thông tin sai liên tục nhiều lần. Để bảo vệ, VĐT của bạn sẽ bị tạm khóa.'.</msg>
<status status="PASS" starttime="20220724 21:21:27.226" endtime="20220724 21:21:27.317"/>
</kw>
<status status="PASS" starttime="20220724 21:21:24.711" endtime="20220724 21:21:27.318"/>
</kw>
<status status="PASS" starttime="20220724 21:21:24.710" endtime="20220724 21:21:27.318"/>
</kw>
<kw name="Run Keyword If" library="BuiltIn">
<arg>'${TYPE}' == 'disable button'</arg>
<arg>Verify notification when disable button</arg>
<doc>Runs the given keyword with the given arguments, if ``condition`` is true.</doc>
<status status="PASS" starttime="20220724 21:21:27.318" endtime="20220724 21:21:27.319"/>
</kw>
<kw name="Run Keyword If" library="BuiltIn">
<arg>'${TEST_NAME}'=='login by phone number'</arg>
<arg>Login by phone number</arg>
<arg>${USERNAME}</arg>
<arg>${PASSWORD}</arg>
<arg>${ERROR}</arg>
<doc>Runs the given keyword with the given arguments, if ``condition`` is true.</doc>
<status status="PASS" starttime="20220724 21:21:27.319" endtime="20220724 21:21:27.320"/>
</kw>
<status status="PASS" starttime="20220724 21:21:11.035" endtime="20220724 21:21:27.320"/>
</kw>
<status status="PASS" starttime="20220724 21:21:11.029" endtime="20220724 21:21:27.321"/>
</test>
<test id="s1-t6" name="eWallet is temporarily locked after" line="24">
<kw name="Login Template">
<arg>0836970995</arg>
<arg>001</arg>
<arg>popup</arg>
<arg>fail</arg>
<arg>VĐT của bạn hiện đang bị tạm khóa. Vui lòng thực hiện lại sau hoặc liên hệ Bộ phận Chăm sóc khách hàng để được hỗ trợ.</arg>
<kw name="Run Keyword And Return Status" library="BuiltIn">
<var>${status}</var>
<arg>page should contain element</arg>
<arg>${ID_Account_Popup_Error}</arg>
<doc>Runs the given keyword with given arguments and returns the status as a Boolean value.</doc>
<kw name="Page Should Contain Element" library="AppiumLibrary">
<arg>${ID_Account_Popup_Error}</arg>
<doc>Verifies that current page contains `locator` element.</doc>
<msg timestamp="20220724 21:21:27.396" level="INFO">Current page contains element 'vn.payoo.demo.debug:id/mid_message'.</msg>
<status status="PASS" starttime="20220724 21:21:27.332" endtime="20220724 21:21:27.396"/>
</kw>
<msg timestamp="20220724 21:21:27.396" level="INFO">${status} = True</msg>
<status status="PASS" starttime="20220724 21:21:27.332" endtime="20220724 21:21:27.396"/>
</kw>
<kw name="Run Keyword If" library="BuiltIn">
<arg>${status}</arg>
<arg>Click Popup Close Buton Error Message</arg>
<doc>Runs the given keyword with the given arguments, if ``condition`` is true.</doc>
<kw name="Click Popup Close Buton Error Message" library="PO_AppV4_Account">
<kw name="Wait Until Element Is Visible" library="AppiumLibrary">
<arg>${ID_Account_Popup_Btn_Right}</arg>
<doc>Waits until element specified with `locator` is visible.</doc>
<status status="PASS" starttime="20220724 21:21:27.398" endtime="20220724 21:21:27.482"/>
</kw>
<kw name="Click Element" library="AppiumLibrary">
<arg>${ID_Account_Popup_Btn_Right}</arg>
<doc>Click element identified by `locator`.</doc>
<msg timestamp="20220724 21:21:27.494" level="INFO">Clicking element 'vn.payoo.demo.debug:id/right_button'.</msg>
<status status="PASS" starttime="20220724 21:21:27.482" endtime="20220724 21:21:27.636"/>
</kw>
<status status="PASS" starttime="20220724 21:21:27.398" endtime="20220724 21:21:27.636"/>
</kw>
<status status="PASS" starttime="20220724 21:21:27.397" endtime="20220724 21:21:27.637"/>
</kw>
<kw name="Run Keyword If" library="BuiltIn">
<arg>'${TEST_NAME}'=='eWallet is temporarily locked'</arg>
<arg>Input temporarily locked info</arg>
<arg>${USERNAME}</arg>
<arg>${PASSWORD}</arg>
<doc>Runs the given keyword with the given arguments, if ``condition`` is true.</doc>
<status status="PASS" starttime="20220724 21:21:27.637" endtime="20220724 21:21:27.638"/>
</kw>
<kw name="Run Keyword If" library="BuiltIn">
<arg>'${TEST_NAME}'=='login by username'</arg>
<arg>Login by username</arg>
<arg>${USERNAME}</arg>
<arg>${PASSWORD}</arg>
<arg>${ERROR}</arg>
<doc>Runs the given keyword with the given arguments, if ``condition`` is true.</doc>
<status status="PASS" starttime="20220724 21:21:27.638" endtime="20220724 21:21:27.639"/>
</kw>
<kw name="Run Keyword If" library="BuiltIn">
<arg>'${TEST_NAME}'!='login by username'</arg>
<arg>Input info</arg>
<arg>${USERNAME}</arg>
<arg>${PASSWORD}</arg>
<doc>Runs the given keyword with the given arguments, if ``condition`` is true.</doc>
<kw name="Input info" library="Func_AppV4_Login">
<arg>${USERNAME}</arg>
<arg>${PASSWORD}</arg>
<kw name="Input user info" library="Func_AppV4_Login">
<arg>${ID_Login_Username}</arg>
<arg>${USERNAME}</arg>
<kw name="Click Element" library="AppiumLibrary">
<arg>${name}</arg>
<doc>Click element identified by `locator`.</doc>
<msg timestamp="20220724 21:21:27.654" level="INFO">Clicking element 'vn.payoo.demo.debug:id/edit_content'.</msg>
<status status="PASS" starttime="20220724 21:21:27.643" endtime="20220724 21:21:28.495"/>
</kw>
<kw name="Input Text" library="AppiumLibrary">
<arg>${name}</arg>
<arg>${VALUE}</arg>
<doc>Types the given `text` into text field identified by `locator`.</doc>
<msg timestamp="20220724 21:21:28.505" level="INFO">Typing text '0836970995' into text field 'vn.payoo.demo.debug:id/edit_content'</msg>
<status status="PASS" starttime="20220724 21:21:28.495" endtime="20220724 21:21:30.245"/>
</kw>
<status status="PASS" starttime="20220724 21:21:27.642" endtime="20220724 21:21:30.246"/>
</kw>
<kw name="Run Keyword If" library="BuiltIn">
<arg>'${USERNAME}' == None</arg>
<arg>sleep</arg>
<arg>5s</arg>
<doc>Runs the given keyword with the given arguments, if ``condition`` is true.</doc>
<status status="PASS" starttime="20220724 21:21:30.246" endtime="20220724 21:21:30.246"/>
</kw>
<kw name="Input user info" library="Func_AppV4_Login">
<arg>${ID_Login_Password}</arg>
<arg>${PASSWORD}</arg>
<kw name="Click Element" library="AppiumLibrary">
<arg>${name}</arg>
<doc>Click element identified by `locator`.</doc>
<msg timestamp="20220724 21:21:30.255" level="INFO">Clicking element 'vn.payoo.demo.debug:id/pin_view_password'.</msg>
<status status="PASS" starttime="20220724 21:21:30.247" endtime="20220724 21:21:31.199"/>
</kw>
<kw name="Input Text" library="AppiumLibrary">
<arg>${name}</arg>
<arg>${VALUE}</arg>
<doc>Types the given `text` into text field identified by `locator`.</doc>
<msg timestamp="20220724 21:21:31.211" level="INFO">Typing text '001' into text field 'vn.payoo.demo.debug:id/pin_view_password'</msg>
<status status="PASS" starttime="20220724 21:21:31.200" endtime="20220724 21:21:32.836"/>
</kw>
<status status="PASS" starttime="20220724 21:21:30.247" endtime="20220724 21:21:32.836"/>
</kw>
<status status="PASS" starttime="20220724 21:21:27.641" endtime="20220724 21:21:32.837"/>
</kw>
<status status="PASS" starttime="20220724 21:21:27.639" endtime="20220724 21:21:32.837"/>
</kw>
<kw name="Run Keyword If" library="BuiltIn">
<arg>'${TYPE}' == 'red text'</arg>
<arg>Verify notification when red text</arg>
<arg>${ERROR}</arg>
<doc>Runs the given keyword with the given arguments, if ``condition`` is true.</doc>
<status status="PASS" starttime="20220724 21:21:32.837" endtime="20220724 21:21:32.838"/>
</kw>
<kw name="Run Keyword If" library="BuiltIn">
<arg>'${TYPE}' == 'popup'</arg>
<arg>Verify notification when popup</arg>
<arg>${ERROR}</arg>
<doc>Runs the given keyword with the given arguments, if ``condition`` is true.</doc>
<kw name="Verify notification when popup" library="Func_AppV4_Login">
<arg>${ERROR}</arg>
<kw name="Click Button Login" library="PO_AppV4_Login">
<kw name="Wait Until Element Is Visible" library="AppiumLibrary">
<arg>${ID_Login_btnLogin}</arg>
<doc>Waits until element specified with `locator` is visible.</doc>
<status status="PASS" starttime="20220724 21:21:32.841" endtime="20220724 21:21:33.705"/>
</kw>
<kw name="Click Element" library="AppiumLibrary">
<arg>${ID_Login_btnLogin}</arg>
<doc>Click element identified by `locator`.</doc>
<msg timestamp="20220724 21:21:33.714" level="INFO">Clicking element 'vn.payoo.demo.debug:id/btn_login'.</msg>
<status status="PASS" starttime="20220724 21:21:33.705" endtime="20220724 21:21:33.848"/>
</kw>
<status status="PASS" starttime="20220724 21:21:32.841" endtime="20220724 21:21:33.848"/>
</kw>
<kw name="Verify Popup Error" library="PO_AppV4_Account">
<kw name="Wait Until Element Is Visible" library="AppiumLibrary">
<arg>${ID_Account_Popup_Error}</arg>
<arg>timeout=30s</arg>
<doc>Waits until element specified with `locator` is visible.</doc>
<status status="PASS" starttime="20220724 21:21:33.849" endtime="20220724 21:21:35.423"/>
</kw>
<status status="PASS" starttime="20220724 21:21:33.849" endtime="20220724 21:21:35.424"/>
</kw>
<kw name="Element Should Contain Text" library="AppiumLibrary">
<arg>${ID_Account_Popup_Error}</arg>
<arg>${ERROR}</arg>
<doc>Verifies element identified by ``locator`` contains text ``expected``.</doc>
<msg timestamp="20220724 21:21:35.435" level="INFO">Verifying element 'vn.payoo.demo.debug:id/mid_message' contains text 'VĐT của bạn hiện đang bị tạm khóa. Vui lòng thực hiện lại sau hoặc liên hệ Bộ phận Chăm sóc khách hàng để được hỗ trợ.'.</msg>
<status status="PASS" starttime="20220724 21:21:35.424" endtime="20220724 21:21:35.526"/>
</kw>
<status status="PASS" starttime="20220724 21:21:32.839" endtime="20220724 21:21:35.527"/>
</kw>
<status status="PASS" starttime="20220724 21:21:32.839" endtime="20220724 21:21:35.527"/>
</kw>
<kw name="Run Keyword If" library="BuiltIn">
<arg>'${TYPE}' == 'disable button'</arg>
<arg>Verify notification when disable button</arg>
<doc>Runs the given keyword with the given arguments, if ``condition`` is true.</doc>
<status status="PASS" starttime="20220724 21:21:35.527" endtime="20220724 21:21:35.528"/>
</kw>
<kw name="Run Keyword If" library="BuiltIn">
<arg>'${TEST_NAME}'=='login by phone number'</arg>
<arg>Login by phone number</arg>
<arg>${USERNAME}</arg>
<arg>${PASSWORD}</arg>
<arg>${ERROR}</arg>
<doc>Runs the given keyword with the given arguments, if ``condition`` is true.</doc>
<status status="PASS" starttime="20220724 21:21:35.528" endtime="20220724 21:21:35.529"/>
</kw>
<status status="PASS" starttime="20220724 21:21:27.331" endtime="20220724 21:21:35.529"/>
</kw>
<status status="PASS" starttime="20220724 21:21:27.323" endtime="20220724 21:21:35.530"/>
</test>
<test id="s1-t7" name="unregistered phone" line="24">
<kw name="Login Template">
<arg>0832424123</arg>
<arg>001</arg>
<arg>popup</arg>
<arg>fail</arg>
<arg>Thông tin Ví điện tử không đúng</arg>
<kw name="Run Keyword And Return Status" library="BuiltIn">
<var>${status}</var>
<arg>page should contain element</arg>
<arg>${ID_Account_Popup_Error}</arg>
<doc>Runs the given keyword with given arguments and returns the status as a Boolean value.</doc>
<kw name="Page Should Contain Element" library="AppiumLibrary">
<arg>${ID_Account_Popup_Error}</arg>
<doc>Verifies that current page contains `locator` element.</doc>
<msg timestamp="20220724 21:21:35.602" level="INFO">Current page contains element 'vn.payoo.demo.debug:id/mid_message'.</msg>
<status status="PASS" starttime="20220724 21:21:35.540" endtime="20220724 21:21:35.602"/>
</kw>
<msg timestamp="20220724 21:21:35.602" level="INFO">${status} = True</msg>
<status status="PASS" starttime="20220724 21:21:35.539" endtime="20220724 21:21:35.602"/>
</kw>
<kw name="Run Keyword If" library="BuiltIn">
<arg>${status}</arg>
<arg>Click Popup Close Buton Error Message</arg>
<doc>Runs the given keyword with the given arguments, if ``condition`` is true.</doc>
<kw name="Click Popup Close Buton Error Message" library="PO_AppV4_Account">
<kw name="Wait Until Element Is Visible" library="AppiumLibrary">
<arg>${ID_Account_Popup_Btn_Right}</arg>
<doc>Waits until element specified with `locator` is visible.</doc>
<status status="PASS" starttime="20220724 21:21:35.604" endtime="20220724 21:21:35.685"/>
</kw>
<kw name="Click Element" library="AppiumLibrary">
<arg>${ID_Account_Popup_Btn_Right}</arg>
<doc>Click element identified by `locator`.</doc>
<msg timestamp="20220724 21:21:35.695" level="INFO">Clicking element 'vn.payoo.demo.debug:id/right_button'.</msg>
<status status="PASS" starttime="20220724 21:21:35.685" endtime="20220724 21:21:35.816"/>
</kw>
<status status="PASS" starttime="20220724 21:21:35.603" endtime="20220724 21:21:35.816"/>
</kw>
<status status="PASS" starttime="20220724 21:21:35.602" endtime="20220724 21:21:35.816"/>
</kw>
<kw name="Run Keyword If" library="BuiltIn">
<arg>'${TEST_NAME}'=='eWallet is temporarily locked'</arg>
<arg>Input temporarily locked info</arg>
<arg>${USERNAME}</arg>
<arg>${PASSWORD}</arg>
<doc>Runs the given keyword with the given arguments, if ``condition`` is true.</doc>
<status status="PASS" starttime="20220724 21:21:35.817" endtime="20220724 21:21:35.817"/>
</kw>
<kw name="Run Keyword If" library="BuiltIn">
<arg>'${TEST_NAME}'=='login by username'</arg>
<arg>Login by username</arg>
<arg>${USERNAME}</arg>
<arg>${PASSWORD}</arg>
<arg>${ERROR}</arg>
<doc>Runs the given keyword with the given arguments, if ``condition`` is true.</doc>
<status status="PASS" starttime="20220724 21:21:35.818" endtime="20220724 21:21:35.818"/>
</kw>
<kw name="Run Keyword If" library="BuiltIn">
<arg>'${TEST_NAME}'!='login by username'</arg>
<arg>Input info</arg>
<arg>${USERNAME}</arg>
<arg>${PASSWORD}</arg>
<doc>Runs the given keyword with the given arguments, if ``condition`` is true.</doc>
<kw name="Input info" library="Func_AppV4_Login">
<arg>${USERNAME}</arg>
<arg>${PASSWORD}</arg>
<kw name="Input user info" library="Func_AppV4_Login">
<arg>${ID_Login_Username}</arg>
<arg>${USERNAME}</arg>
<kw name="Click Element" library="AppiumLibrary">
<arg>${name}</arg>
<doc>Click element identified by `locator`.</doc>
<msg timestamp="20220724 21:21:35.832" level="INFO">Clicking element 'vn.payoo.demo.debug:id/edit_content'.</msg>
<status status="PASS" starttime="20220724 21:21:35.822" endtime="20220724 21:21:36.677"/>
</kw>
<kw name="Input Text" library="AppiumLibrary">
<arg>${name}</arg>
<arg>${VALUE}</arg>
<doc>Types the given `text` into text field identified by `locator`.</doc>
<msg timestamp="20220724 21:21:36.686" level="INFO">Typing text '0832424123' into text field 'vn.payoo.demo.debug:id/edit_content'</msg>
<status status="PASS" starttime="20220724 21:21:36.678" endtime="20220724 21:21:38.401"/>
</kw>
<status status="PASS" starttime="20220724 21:21:35.821" endtime="20220724 21:21:38.401"/>
</kw>
<kw name="Run Keyword If" library="BuiltIn">
<arg>'${USERNAME}' == None</arg>
<arg>sleep</arg>
<arg>5s</arg>
<doc>Runs the given keyword with the given arguments, if ``condition`` is true.</doc>
<status status="PASS" starttime="20220724 21:21:38.402" endtime="20220724 21:21:38.402"/>
</kw>
<kw name="Input user info" library="Func_AppV4_Login">
<arg>${ID_Login_Password}</arg>
<arg>${PASSWORD}</arg>
<kw name="Click Element" library="AppiumLibrary">
<arg>${name}</arg>
<doc>Click element identified by `locator`.</doc>
<msg timestamp="20220724 21:21:38.413" level="INFO">Clicking element 'vn.payoo.demo.debug:id/pin_view_password'.</msg>
<status status="PASS" starttime="20220724 21:21:38.404" endtime="20220724 21:21:39.345"/>
</kw>
<kw name="Input Text" library="AppiumLibrary">
<arg>${name}</arg>
<arg>${VALUE}</arg>
<doc>Types the given `text` into text field identified by `locator`.</doc>
<msg timestamp="20220724 21:21:39.355" level="INFO">Typing text '001' into text field 'vn.payoo.demo.debug:id/pin_view_password'</msg>
<status status="PASS" starttime="20220724 21:21:39.346" endtime="20220724 21:21:40.878"/>
</kw>
<status status="PASS" starttime="20220724 21:21:38.403" endtime="20220724 21:21:40.879"/>
</kw>
<status status="PASS" starttime="20220724 21:21:35.820" endtime="20220724 21:21:40.879"/>
</kw>
<status status="PASS" starttime="20220724 21:21:35.819" endtime="20220724 21:21:40.880"/>
</kw>
<kw name="Run Keyword If" library="BuiltIn">
<arg>'${TYPE}' == 'red text'</arg>
<arg>Verify notification when red text</arg>
<arg>${ERROR}</arg>
<doc>Runs the given keyword with the given arguments, if ``condition`` is true.</doc>
<status status="PASS" starttime="20220724 21:21:40.880" endtime="20220724 21:21:40.881"/>
</kw>
<kw name="Run Keyword If" library="BuiltIn">
<arg>'${TYPE}' == 'popup'</arg>
<arg>Verify notification when popup</arg>
<arg>${ERROR}</arg>
<doc>Runs the given keyword with the given arguments, if ``condition`` is true.</doc>
<kw name="Verify notification when popup" library="Func_AppV4_Login">
<arg>${ERROR}</arg>
<kw name="Click Button Login" library="PO_AppV4_Login">
<kw name="Wait Until Element Is Visible" library="AppiumLibrary">
<arg>${ID_Login_btnLogin}</arg>
<doc>Waits until element specified with `locator` is visible.</doc>
<status status="PASS" starttime="20220724 21:21:40.883" endtime="20220724 21:21:41.757"/>
</kw>
<kw name="Click Element" library="AppiumLibrary">
<arg>${ID_Login_btnLogin}</arg>
<doc>Click element identified by `locator`.</doc>
<msg timestamp="20220724 21:21:41.767" level="INFO">Clicking element 'vn.payoo.demo.debug:id/btn_login'.</msg>
<status status="PASS" starttime="20220724 21:21:41.758" endtime="20220724 21:21:41.908"/>
</kw>
<status status="PASS" starttime="20220724 21:21:40.882" endtime="20220724 21:21:41.908"/>
</kw>
<kw name="Verify Popup Error" library="PO_AppV4_Account">
<kw name="Wait Until Element Is Visible" library="AppiumLibrary">
<arg>${ID_Account_Popup_Error}</arg>
<arg>timeout=30s</arg>
<doc>Waits until element specified with `locator` is visible.</doc>
<status status="PASS" starttime="20220724 21:21:41.910" endtime="20220724 21:21:43.430"/>
</kw>
<status status="PASS" starttime="20220724 21:21:41.909" endtime="20220724 21:21:43.430"/>
</kw>
<kw name="Element Should Contain Text" library="AppiumLibrary">
<arg>${ID_Account_Popup_Error}</arg>
<arg>${ERROR}</arg>
<doc>Verifies element identified by ``locator`` contains text ``expected``.</doc>
<msg timestamp="20220724 21:21:43.440" level="INFO">Verifying element 'vn.payoo.demo.debug:id/mid_message' contains text 'Thông tin Ví điện tử không đúng'.</msg>
<status status="PASS" starttime="20220724 21:21:43.431" endtime="20220724 21:21:43.507"/>
</kw>
<status status="PASS" starttime="20220724 21:21:40.882" endtime="20220724 21:21:43.508"/>
</kw>
<status status="PASS" starttime="20220724 21:21:40.881" endtime="20220724 21:21:43.508"/>
</kw>
<kw name="Run Keyword If" library="BuiltIn">
<arg>'${TYPE}' == 'disable button'</arg>
<arg>Verify notification when disable button</arg>
<doc>Runs the given keyword with the given arguments, if ``condition`` is true.</doc>
<status status="PASS" starttime="20220724 21:21:43.509" endtime="20220724 21:21:43.509"/>
</kw>
<kw name="Run Keyword If" library="BuiltIn">
<arg>'${TEST_NAME}'=='login by phone number'</arg>
<arg>Login by phone number</arg>
<arg>${USERNAME}</arg>
<arg>${PASSWORD}</arg>
<arg>${ERROR}</arg>
<doc>Runs the given keyword with the given arguments, if ``condition`` is true.</doc>
<status status="PASS" starttime="20220724 21:21:43.510" endtime="20220724 21:21:43.510"/>
</kw>
<status status="PASS" starttime="20220724 21:21:35.538" endtime="20220724 21:21:43.511"/>
</kw>
<status status="PASS" starttime="20220724 21:21:35.531" endtime="20220724 21:21:43.511"/>
</test>
<test id="s1-t8" name="eWallet is locked" line="24">
<kw name="Login Template">
<arg>0989898989</arg>
<arg>003</arg>
<arg>popup</arg>
<arg>fail</arg>
<arg>VĐT của bạn hiện đang bị khóa. Vui lòng thực hiện lại sau hoặc liên hệ Bộ phận Chăm sóc khách hàng để được hỗ trợ.</arg>
<kw name="Run Keyword And Return Status" library="BuiltIn">
<var>${status}</var>
<arg>page should contain element</arg>
<arg>${ID_Account_Popup_Error}</arg>
<doc>Runs the given keyword with given arguments and returns the status as a Boolean value.</doc>
<kw name="Page Should Contain Element" library="AppiumLibrary">
<arg>${ID_Account_Popup_Error}</arg>
<doc>Verifies that current page contains `locator` element.</doc>
<msg timestamp="20220724 21:21:43.586" level="INFO">Current page contains element 'vn.payoo.demo.debug:id/mid_message'.</msg>
<status status="PASS" starttime="20220724 21:21:43.521" endtime="20220724 21:21:43.586"/>
</kw>
<msg timestamp="20220724 21:21:43.587" level="INFO">${status} = True</msg>
<status status="PASS" starttime="20220724 21:21:43.520" endtime="20220724 21:21:43.587"/>
</kw>
<kw name="Run Keyword If" library="BuiltIn">
<arg>${status}</arg>
<arg>Click Popup Close Buton Error Message</arg>
<doc>Runs the given keyword with the given arguments, if ``condition`` is true.</doc>
<kw name="Click Popup Close Buton Error Message" library="PO_AppV4_Account">
<kw name="Wait Until Element Is Visible" library="AppiumLibrary">
<arg>${ID_Account_Popup_Btn_Right}</arg>
<doc>Waits until element specified with `locator` is visible.</doc>
<status status="PASS" starttime="20220724 21:21:43.589" endtime="20220724 21:21:43.678"/>
</kw>
<kw name="Click Element" library="AppiumLibrary">
<arg>${ID_Account_Popup_Btn_Right}</arg>
<doc>Click element identified by `locator`.</doc>
<msg timestamp="20220724 21:21:43.688" level="INFO">Clicking element 'vn.payoo.demo.debug:id/right_button'.</msg>
<status status="PASS" starttime="20220724 21:21:43.679" endtime="20220724 21:21:43.826"/>
</kw>
<status status="PASS" starttime="20220724 21:21:43.588" endtime="20220724 21:21:43.826"/>
</kw>
<status status="PASS" starttime="20220724 21:21:43.587" endtime="20220724 21:21:43.827"/>
</kw>
<kw name="Run Keyword If" library="BuiltIn">
<arg>'${TEST_NAME}'=='eWallet is temporarily locked'</arg>
<arg>Input temporarily locked info</arg>
<arg>${USERNAME}</arg>
<arg>${PASSWORD}</arg>
<doc>Runs the given keyword with the given arguments, if ``condition`` is true.</doc>
<status status="PASS" starttime="20220724 21:21:43.827" endtime="20220724 21:21:43.827"/>
</kw>
<kw name="Run Keyword If" library="BuiltIn">
<arg>'${TEST_NAME}'=='login by username'</arg>
<arg>Login by username</arg>
<arg>${USERNAME}</arg>
<arg>${PASSWORD}</arg>
<arg>${ERROR}</arg>
<doc>Runs the given keyword with the given arguments, if ``condition`` is true.</doc>
<status status="PASS" starttime="20220724 21:21:43.828" endtime="20220724 21:21:43.828"/>
</kw>
<kw name="Run Keyword If" library="BuiltIn">
<arg>'${TEST_NAME}'!='login by username'</arg>
<arg>Input info</arg>
<arg>${USERNAME}</arg>
<arg>${PASSWORD}</arg>
<doc>Runs the given keyword with the given arguments, if ``condition`` is true.</doc>
<kw name="Input info" library="Func_AppV4_Login">
<arg>${USERNAME}</arg>
<arg>${PASSWORD}</arg>
<kw name="Input user info" library="Func_AppV4_Login">
<arg>${ID_Login_Username}</arg>
<arg>${USERNAME}</arg>
<kw name="Click Element" library="AppiumLibrary">
<arg>${name}</arg>
<doc>Click element identified by `locator`.</doc>
<msg timestamp="20220724 21:21:43.838" level="INFO">Clicking element 'vn.payoo.demo.debug:id/edit_content'.</msg>
<status status="PASS" starttime="20220724 21:21:43.830" endtime="20220724 21:21:44.688"/>
</kw>
<kw name="Input Text" library="AppiumLibrary">
<arg>${name}</arg>
<arg>${VALUE}</arg>
<doc>Types the given `text` into text field identified by `locator`.</doc>
<msg timestamp="20220724 21:21:44.699" level="INFO">Typing text '0989898989' into text field 'vn.payoo.demo.debug:id/edit_content'</msg>
<status status="PASS" starttime="20220724 21:21:44.689" endtime="20220724 21:21:46.444"/>
</kw>
<status status="PASS" starttime="20220724 21:21:43.830" endtime="20220724 21:21:46.445"/>
</kw>
<kw name="Run Keyword If" library="BuiltIn">
<arg>'${USERNAME}' == None</arg>
<arg>sleep</arg>
<arg>5s</arg>
[...]
<arg>50</arg>
<arg>50</arg>
<arg>80</arg>
<doc>Swipe from one percent of the screen to another percent, for an optional duration.
Normal swipe fails to scale for different screen resolutions, this can be avoided using percent.</doc>
<status status="PASS" starttime="20220724 21:22:14.039" endtime="20220724 21:22:15.465"/>
</kw>
<kw name="Click Button Logout" library="PO_AppV4_Account">
<kw name="Wait Until Element Is Visible" library="AppiumLibrary">
<arg>${ID_Account_BtnLogout}</arg>
<doc>Waits until element specified with `locator` is visible.</doc>
<status status="PASS" starttime="20220724 21:22:15.466" endtime="20220724 21:22:15.583"/>
</kw>
<kw name="Click Element" library="AppiumLibrary">
<arg>${ID_Account_BtnLogout}</arg>
<doc>Click element identified by `locator`.</doc>
<msg timestamp="20220724 21:22:15.593" level="INFO">Clicking element 'vn.payoo.demo.debug:id/relative_layout_logout'.</msg>
<status status="PASS" starttime="20220724 21:22:15.583" endtime="20220724 21:22:15.763"/>
</kw>
<status status="PASS" starttime="20220724 21:22:15.465" endtime="20220724 21:22:15.764"/>
</kw>
<kw name="Verify Popup Error" library="PO_AppV4_Account">
<kw name="Wait Until Element Is Visible" library="AppiumLibrary">
<arg>${ID_Account_Popup_Error}</arg>
<arg>timeout=30s</arg>
<doc>Waits until element specified with `locator` is visible.</doc>
<status status="PASS" starttime="20220724 21:22:15.765" endtime="20220724 21:22:16.720"/>
</kw>
<status status="PASS" starttime="20220724 21:22:15.764" endtime="20220724 21:22:16.721"/>
</kw>
<kw name="Click Popup Close Buton Error Message" library="PO_AppV4_Account">
<kw name="Wait Until Element Is Visible" library="AppiumLibrary">
<arg>${ID_Account_Popup_Btn_Right}</arg>
<doc>Waits until element specified with `locator` is visible.</doc>
<status status="PASS" starttime="20220724 21:22:16.722" endtime="20220724 21:22:16.793"/>
</kw>
<kw name="Click Element" library="AppiumLibrary">
<arg>${ID_Account_Popup_Btn_Right}</arg>
<doc>Click element identified by `locator`.</doc>
<msg timestamp="20220724 21:22:16.803" level="INFO">Clicking element 'vn.payoo.demo.debug:id/right_button'.</msg>
<status status="PASS" starttime="20220724 21:22:16.793" endtime="20220724 21:22:16.934"/>
</kw>
<status status="PASS" starttime="20220724 21:22:16.721" endtime="20220724 21:22:16.934"/>
</kw>
<kw name="Verify Screen Account No Login" library="PO_AppV4_Account">
<kw name="Wait Until Element Is Visible" library="AppiumLibrary">
<arg>${ID_Account_Link_Register}</arg>
<arg>timeout=30s</arg>
<doc>Waits until element specified with `locator` is visible.</doc>
<status status="PASS" starttime="20220724 21:22:16.935" endtime="20220724 21:22:18.257"/>
</kw>
<status status="PASS" starttime="20220724 21:22:16.935" endtime="20220724 21:22:18.257"/>
</kw>
<status status="PASS" starttime="20220724 21:22:14.038" endtime="20220724 21:22:18.258"/>
</kw>
<status status="PASS" starttime="20220724 21:22:09.214" endtime="20220724 21:22:18.258"/>
</kw>
<status status="PASS" starttime="20220724 21:22:09.213" endtime="20220724 21:22:18.258"/>
</kw>
<status status="PASS" starttime="20220724 21:22:04.327" endtime="20220724 21:22:18.259"/>
</kw>
<tag>debug</tag>
<status status="PASS" starttime="20220724 21:22:04.320" endtime="20220724 21:22:18.259"/>
</test>
<test id="s1-t12" name="login by username" line="24">
<kw name="Login Template">
<arg>aivi02</arg>
<arg>12345678</arg>
<arg>success</arg>
<arg>success</arg>
<arg>TRAN THI AI VI</arg>
<kw name="Run Keyword And Return Status" library="BuiltIn">
<var>${status}</var>
<arg>page should contain element</arg>
<arg>${ID_Account_Popup_Error}</arg>
<doc>Runs the given keyword with given arguments and returns the status as a Boolean value.</doc>
<kw name="Page Should Contain Element" library="AppiumLibrary">
<arg>${ID_Account_Popup_Error}</arg>
<doc>Verifies that current page contains `locator` element.</doc>
<kw name="Capture Page Screenshot" library="AppiumLibrary">
<doc>Takes a screenshot of the current page and embeds it into the log.</doc>
<msg timestamp="20220724 21:22:18.875" level="INFO" html="true">&lt;/td&gt;&lt;/tr&gt;&lt;tr&gt;&lt;td colspan="3"&gt;&lt;a href="appium-screenshot-10.png"&gt;&lt;img src="appium-screenshot-10.png" width="800px"&gt;&lt;/a&gt;</msg>
<status status="PASS" starttime="20220724 21:22:18.364" endtime="20220724 21:22:18.876"/>
</kw>
<msg timestamp="20220724 21:22:18.877" level="FAIL">Page should have contained element 'vn.payoo.demo.debug:id/mid_message' but did not</msg>
<status status="FAIL" starttime="20220724 21:22:18.269" endtime="20220724 21:22:18.877"/>
</kw>
<msg timestamp="20220724 21:22:18.878" level="INFO">${status} = False</msg>
<status status="PASS" starttime="20220724 21:22:18.268" endtime="20220724 21:22:18.878"/>
</kw>
<kw name="Run Keyword If" library="BuiltIn">
<arg>${status}</arg>
<arg>Click Popup Close Buton Error Message</arg>
<doc>Runs the given keyword with the given arguments, if ``condition`` is true.</doc>
<status status="PASS" starttime="20220724 21:22:18.878" endtime="20220724 21:22:18.879"/>
</kw>
<kw name="Run Keyword If" library="BuiltIn">
<arg>'${TEST_NAME}'=='eWallet is temporarily locked'</arg>
<arg>Input temporarily locked info</arg>
<arg>${USERNAME}</arg>
<arg>${PASSWORD}</arg>
<doc>Runs the given keyword with the given arguments, if ``condition`` is true.</doc>
<status status="PASS" starttime="20220724 21:22:18.879" endtime="20220724 21:22:18.880"/>
</kw>
<kw name="Run Keyword If" library="BuiltIn">
<arg>'${TEST_NAME}'=='login by username'</arg>
<arg>Login by username</arg>
<arg>${USERNAME}</arg>
<arg>${PASSWORD}</arg>
<arg>${ERROR}</arg>
<doc>Runs the given keyword with the given arguments, if ``condition`` is true.</doc>
<kw name="Login by username" library="Func_AppV4_Login">
<arg>${USERNAME}</arg>
<arg>${PASSWORD}</arg>
<arg>${ERROR}</arg>
<kw name="Click Tab Ewallet Payoo" library="PO_AppV4_BottomNavigation">
<kw name="Wait Until Element Is Visible" library="AppiumLibrary">
<arg>${ID_Navigation_Item_Payoo}</arg>
<arg>timeout=20s</arg>
<doc>Waits until element specified with `locator` is visible.</doc>
<status status="PASS" starttime="20220724 21:22:18.882" endtime="20220724 21:22:18.992"/>
</kw>
<kw name="Click Element" library="AppiumLibrary">
<arg>${ID_Navigation_Item_Payoo}</arg>
<doc>Click element identified by `locator`.</doc>
<msg timestamp="20220724 21:22:19.003" level="INFO">Clicking element 'vn.payoo.demo.debug:id/item_payoo'.</msg>
<status status="PASS" starttime="20220724 21:22:18.993" endtime="20220724 21:22:19.167"/>
</kw>
<status status="PASS" starttime="20220724 21:22:18.882" endtime="20220724 21:22:19.167"/>
</kw>
<kw name="Click Button Login" library="PO_AppV4_Ewallet_NoLogin">
<kw name="Wait Until Element Is Visible" library="AppiumLibrary">
<arg>${ID_Ewallet_NoLogin_BtnLogin}</arg>
<arg>timeout=10s</arg>
<doc>Waits until element specified with `locator` is visible.</doc>
<status status="PASS" starttime="20220724 21:22:19.169" endtime="20220724 21:22:19.800"/>
</kw>
<kw name="Click Element" library="AppiumLibrary">
<arg>${ID_Ewallet_NoLogin_BtnLogin}</arg>
<doc>Click element identified by `locator`.</doc>
<msg timestamp="20220724 21:22:19.809" level="INFO">Clicking element 'vn.payoo.demo.debug:id/button_login'.</msg>
<status status="PASS" starttime="20220724 21:22:19.800" endtime="20220724 21:22:19.966"/>
</kw>
<status status="PASS" starttime="20220724 21:22:19.168" endtime="20220724 21:22:19.966"/>
</kw>
<kw name="Click Bottom Sheet You Need Help" library="PO_AppV4_Login">
<kw name="Wait Until Element Is Visible" library="AppiumLibrary">
<arg>${ID_Login_linkYouNeedHelp}</arg>
<doc>Waits until element specified with `locator` is visible.</doc>
<status status="PASS" starttime="20220724 21:22:19.968" endtime="20220724 21:22:21.282"/>
</kw>
<kw name="Click Element" library="AppiumLibrary">
<arg>${ID_Login_linkYouNeedHelp}</arg>
<doc>Click element identified by `locator`.</doc>
<msg timestamp="20220724 21:22:21.294" level="INFO">Clicking element 'vn.payoo.demo.debug:id/tv_support_login'.</msg>
<status status="PASS" starttime="20220724 21:22:21.282" endtime="20220724 21:22:21.447"/>
</kw>
<status status="PASS" starttime="20220724 21:22:19.967" endtime="20220724 21:22:21.448"/>
</kw>
<kw name="Click Login By Username" library="PO_AppV4_Login">
<kw name="Wait Until Element Is Visible" library="AppiumLibrary">
<arg>${ID_Login_BottomSheetLoginByYourUsername}</arg>
<doc>Waits until element specified with `locator` is visible.</doc>
<status status="PASS" starttime="20220724 21:22:21.449" endtime="20220724 21:22:22.396"/>
</kw>
<kw name="Click Element" library="AppiumLibrary">
<arg>${ID_Login_BottomSheetLoginByYourUsername}</arg>
<doc>Click element identified by `locator`.</doc>
<msg timestamp="20220724 21:22:22.405" level="INFO">Clicking element 'xpath=//android.widget.RelativeLayout[2]'.</msg>
<status status="PASS" starttime="20220724 21:22:22.396" endtime="20220724 21:22:22.556"/>
</kw>
<status status="PASS" starttime="20220724 21:22:21.448" endtime="20220724 21:22:22.557"/>
</kw>
<kw name="Verify Screen Input" library="PO_AppV4_Login">
<kw name="Wait Until Element Is Visible" library="AppiumLibrary">
<arg>${ID_Login_Title}</arg>
<arg>timeout=3s</arg>
<doc>Waits until element specified with `locator` is visible.</doc>
<status status="PASS" starttime="20220724 21:22:22.558" endtime="20220724 21:22:23.541"/>
</kw>
<status status="PASS" starttime="20220724 21:22:22.557" endtime="20220724 21:22:23.542"/>
</kw>
<kw name="Input info" library="Func_AppV4_Login">
<arg>${USERNAME}</arg>
<arg>${PASSWORD}</arg>
<kw name="Input user info" library="Func_AppV4_Login">
<arg>${ID_Login_Username}</arg>
<arg>${USERNAME}</arg>
<kw name="Click Element" library="AppiumLibrary">
<arg>${name}</arg>
<doc>Click element identified by `locator`.</doc>
<msg timestamp="20220724 21:22:23.554" level="INFO">Clicking element 'vn.payoo.demo.debug:id/edit_content'.</msg>
<status status="PASS" starttime="20220724 21:22:23.544" endtime="20220724 21:22:24.176"/>
</kw>
<kw name="Input Text" library="AppiumLibrary">
<arg>${name}</arg>
<arg>${VALUE}</arg>
<doc>Types the given `text` into text field identified by `locator`.</doc>
<msg timestamp="20220724 21:22:24.185" level="INFO">Typing text 'aivi02' into text field 'vn.payoo.demo.debug:id/edit_content'</msg>
<status status="PASS" starttime="20220724 21:22:24.177" endtime="20220724 21:22:25.063"/>
</kw>
<status status="PASS" starttime="20220724 21:22:23.543" endtime="20220724 21:22:25.063"/>
</kw>
<kw name="Run Keyword If" library="BuiltIn">
<arg>'${USERNAME}' == None</arg>
<arg>sleep</arg>
<arg>5s</arg>
<doc>Runs the given keyword with the given arguments, if ``condition`` is true.</doc>
<status status="PASS" starttime="20220724 21:22:25.064" endtime="20220724 21:22:25.065"/>
</kw>
<kw name="Input user info" library="Func_AppV4_Login">
<arg>${ID_Login_Password}</arg>
<arg>${PASSWORD}</arg>
<kw name="Click Element" library="AppiumLibrary">
<arg>${name}</arg>
<doc>Click element identified by `locator`.</doc>
<msg timestamp="20220724 21:22:25.077" level="INFO">Clicking element 'vn.payoo.demo.debug:id/pin_view_password'.</msg>
<status status="PASS" starttime="20220724 21:22:25.066" endtime="20220724 21:22:25.807"/>
</kw>
<kw name="Input Text" library="AppiumLibrary">
<arg>${name}</arg>
<arg>${VALUE}</arg>
<doc>Types the given `text` into text field identified by `locator`.</doc>
<msg timestamp="20220724 21:22:25.819" level="INFO">Typing text '12345678' into text field 'vn.payoo.demo.debug:id/pin_view_password'</msg>
<status status="PASS" starttime="20220724 21:22:25.807" endtime="20220724 21:22:26.512"/>
</kw>
<status status="PASS" starttime="20220724 21:22:25.065" endtime="20220724 21:22:26.513"/>
</kw>
<status status="PASS" starttime="20220724 21:22:23.542" endtime="20220724 21:22:26.513"/>
</kw>
<kw name="Click Button Login" library="PO_AppV4_Login">
<kw name="Wait Until Element Is Visible" library="AppiumLibrary">
<arg>${ID_Login_btnLogin}</arg>
<doc>Waits until element specified with `locator` is visible.</doc>
<status status="PASS" starttime="20220724 21:22:26.514" endtime="20220724 21:22:27.269"/>
</kw>
<kw name="Click Element" library="AppiumLibrary">
<arg>${ID_Login_btnLogin}</arg>
<doc>Click element identified by `locator`.</doc>
<msg timestamp="20220724 21:22:27.280" level="INFO">Clicking element 'vn.payoo.demo.debug:id/btn_login'.</msg>
<status status="PASS" starttime="20220724 21:22:27.270" endtime="20220724 21:22:27.432"/>
</kw>
<status status="PASS" starttime="20220724 21:22:26.513" endtime="20220724 21:22:27.432"/>
</kw>
<kw name="Verify Screen Home Login" library="PO_AppV4_Home">
<kw name="Wait Until Element Is Visible" library="AppiumLibrary">
<arg>${ID_Home_Ewallet_Balance}</arg>
<arg>timeout=60s</arg>
<doc>Waits until element specified with `locator` is visible.</doc>
<status status="PASS" starttime="20220724 21:22:27.434" endtime="20220724 21:22:29.401"/>
</kw>
<status status="PASS" starttime="20220724 21:22:27.433" endtime="20220724 21:22:29.401"/>
</kw>
<kw name="Click Tab Account" library="PO_AppV4_BottomNavigation">
<kw name="Wait Until Element Is Visible" library="AppiumLibrary">
<arg>${ID_Navigation_Item_Account}</arg>
<arg>timeout=20s</arg>
<doc>Waits until element specified with `locator` is visible.</doc>
<status status="PASS" starttime="20220724 21:22:29.402" endtime="20220724 21:22:29.563"/>
</kw>
<kw name="Click Element" library="AppiumLibrary">
<arg>${ID_Navigation_Item_Account}</arg>
<doc>Click element identified by `locator`.</doc>
<msg timestamp="20220724 21:22:29.572" level="INFO">Clicking element 'vn.payoo.demo.debug:id/item_account'.</msg>
<status status="PASS" starttime="20220724 21:22:29.564" endtime="20220724 21:22:29.772"/>
</kw>
<status status="PASS" starttime="20220724 21:22:29.402" endtime="20220724 21:22:29.772"/>
</kw>
<kw name="Verify notification when login success" library="Func_AppV4_Account">
<arg>${USERNAME}</arg>
<arg>${ERROR}</arg>
<kw name="Element Should Contain Text" library="AppiumLibrary">
<arg>${ID_Account_Login_Name}</arg>
<arg>${ERROR}</arg>
<doc>Verifies element identified by ``locator`` contains text ``expected``.</doc>
<msg timestamp="20220724 21:22:29.786" level="INFO">Verifying element 'vn.payoo.demo.debug:id/textview_account' contains text 'TRAN THI AI VI'.</msg>
<status status="PASS" starttime="20220724 21:22:29.774" endtime="20220724 21:22:30.499"/>
</kw>
<status status="PASS" starttime="20220724 21:22:29.773" endtime="20220724 21:22:30.499"/>
</kw>
<kw name="Logout from tab account" library="Func_AppV4_Account">
<kw name="Swipe By Percent" library="AppiumLibrary">
<arg>50</arg>
<arg>50</arg>
<arg>50</arg>
<arg>80</arg>
<doc>Swipe from one percent of the screen to another percent, for an optional duration.
Normal swipe fails to scale for different screen resolutions, this can be avoided using percent.</doc>
<status status="PASS" starttime="20220724 21:22:30.500" endtime="20220724 21:22:31.826"/>
</kw>
<kw name="Click Button Logout" library="PO_AppV4_Account">
<kw name="Wait Until Element Is Visible" library="AppiumLibrary">
<arg>${ID_Account_BtnLogout}</arg>
<doc>Waits until element specified with `locator` is visible.</doc>
<status status="PASS" starttime="20220724 21:22:31.828" endtime="20220724 21:22:31.963"/>
</kw>
<kw name="Click Element" library="AppiumLibrary">
<arg>${ID_Account_BtnLogout}</arg>
<doc>Click element identified by `locator`.</doc>
<msg timestamp="20220724 21:22:31.975" level="INFO">Clicking element 'vn.payoo.demo.debug:id/relative_layout_logout'.</msg>
<status status="PASS" starttime="20220724 21:22:31.963" endtime="20220724 21:22:32.138"/>
</kw>
<status status="PASS" starttime="20220724 21:22:31.827" endtime="20220724 21:22:32.139"/>
</kw>
<kw name="Verify Popup Error" library="PO_AppV4_Account">
<kw name="Wait Until Element Is Visible" library="AppiumLibrary">
<arg>${ID_Account_Popup_Error}</arg>
<arg>timeout=30s</arg>
<doc>Waits until element specified with `locator` is visible.</doc>
<status status="PASS" starttime="20220724 21:22:32.140" endtime="20220724 21:22:33.022"/>
</kw>
<status status="PASS" starttime="20220724 21:22:32.139" endtime="20220724 21:22:33.022"/>
</kw>
<kw name="Click Popup Close Buton Error Message" library="PO_AppV4_Account">
<kw name="Wait Until Element Is Visible" library="AppiumLibrary">
<arg>${ID_Account_Popup_Btn_Right}</arg>
<doc>Waits until element specified with `locator` is visible.</doc>
<status status="PASS" starttime="20220724 21:22:33.023" endtime="20220724 21:22:33.102"/>
</kw>
<kw name="Click Element" library="AppiumLibrary">
<arg>${ID_Account_Popup_Btn_Right}</arg>
<doc>Click element identified by `locator`.</doc>
<msg timestamp="20220724 21:22:33.111" level="INFO">Clicking element 'vn.payoo.demo.debug:id/right_button'.</msg>
<status status="PASS" starttime="20220724 21:22:33.102" endtime="20220724 21:22:33.242"/>
</kw>
<status status="PASS" starttime="20220724 21:22:33.022" endtime="20220724 21:22:33.242"/>
</kw>
<kw name="Verify Screen Account No Login" library="PO_AppV4_Account">
<kw name="Wait Until Element Is Visible" library="AppiumLibrary">
<arg>${ID_Account_Link_Register}</arg>
<arg>timeout=30s</arg>
<doc>Waits until element specified with `locator` is visible.</doc>
<status status="PASS" starttime="20220724 21:22:33.244" endtime="20220724 21:22:34.619"/>
</kw>
<status status="PASS" starttime="20220724 21:22:33.243" endtime="20220724 21:22:34.619"/>
</kw>
<status status="PASS" starttime="20220724 21:22:30.499" endtime="20220724 21:22:34.620"/>
</kw>
<status status="PASS" starttime="20220724 21:22:18.881" endtime="20220724 21:22:34.620"/>
</kw>
<status status="PASS" starttime="20220724 21:22:18.880" endtime="20220724 21:22:34.620"/>
</kw>
<kw name="Run Keyword If" library="BuiltIn">
<arg>'${TEST_NAME}'!='login by username'</arg>
<arg>Input info</arg>
<arg>${USERNAME}</arg>
<arg>${PASSWORD}</arg>
<doc>Runs the given keyword with the given arguments, if ``condition`` is true.</doc>
<status status="PASS" starttime="20220724 21:22:34.620" endtime="20220724 21:22:34.621"/>
</kw>
<kw name="Run Keyword If" library="BuiltIn">
<arg>'${TYPE}' == 'red text'</arg>
<arg>Verify notification when red text</arg>
<arg>${ERROR}</arg>
<doc>Runs the given keyword with the given arguments, if ``condition`` is true.</doc>
<status status="PASS" starttime="20220724 21:22:34.621" endtime="20220724 21:22:34.622"/>
</kw>
<kw name="Run Keyword If" library="BuiltIn">
<arg>'${TYPE}' == 'popup'</arg>
<arg>Verify notification when popup</arg>
<arg>${ERROR}</arg>
<doc>Runs the given keyword with the given arguments, if ``condition`` is true.</doc>
<status status="PASS" starttime="20220724 21:22:34.622" endtime="20220724 21:22:34.622"/>
</kw>
<kw name="Run Keyword If" library="BuiltIn">
<arg>'${TYPE}' == 'disable button'</arg>
<arg>Verify notification when disable button</arg>
<doc>Runs the given keyword with the given arguments, if ``condition`` is true.</doc>
<status status="PASS" starttime="20220724 21:22:34.623" endtime="20220724 21:22:34.623"/>
</kw>
<kw name="Run Keyword If" library="BuiltIn">
<arg>'${TEST_NAME}'=='login by phone number'</arg>
<arg>Login by phone number</arg>
<arg>${USERNAME}</arg>
<arg>${PASSWORD}</arg>
<arg>${ERROR}</arg>
<doc>Runs the given keyword with the given arguments, if ``condition`` is true.</doc>
<status status="PASS" starttime="20220724 21:22:34.624" endtime="20220724 21:22:34.624"/>
</kw>
<status status="PASS" starttime="20220724 21:22:18.267" endtime="20220724 21:22:34.625"/>
</kw>
<tag>debug</tag>
<status status="PASS" starttime="20220724 21:22:18.261" endtime="20220724 21:22:34.625"/>
</test>
<status status="FAIL" starttime="20220724 21:19:20.420" endtime="20220724 21:22:34.628"/>
</suite>
<statistics>
<total>
<stat pass="11" fail="1" skip="0">All Tests</stat>
</total>
<tag>
<stat pass="4" fail="0" skip="0">debug</stat>
</tag>
<suite>
<stat pass="11" fail="1" skip="0" id="s1" name="Login">Login</stat>
</suite>
</statistics>
<errors>
</errors>
</robot>
